{"ts":1662315916195,"action":"PROJECT_OPENED","tags":{"PROJECT_NAME":"Snake"}}
{"ts":1662316030453,"action":"PROJECT_CLOSED","tags":{"PROJECT_NAME":"Snake"}}
{"ts":1662316117958,"action":"FILE_OPENED","file":"/src/Main.java","tags":{"FILE_LINE_OF_CODE":"106"}}
{"ts":1662316119101,"action":"PROJECT_OPENED","tags":{"PROJECT_NAME":"Snake"}}
{"ts":1662316147032,"action":"FILE_CLOSED","file":"/src/Main.java","tags":{"FILE_LINE_OF_CODE":"106"}}
{"ts":1662316147032,"action":"FILE_OPENED","file":"/src/Input.java","tags":{"FILE_LINE_OF_CODE":"18"}}
{"ts":1662316148309,"action":"FILE_CLOSED","file":"/src/Input.java","tags":{"FILE_LINE_OF_CODE":"18"}}
{"ts":1662316148309,"action":"FILE_OPENED","file":"/src/Apple.java","tags":{"FILE_LINE_OF_CODE":"51"}}
{"ts":1662316150328,"action":"FILE_CLOSED","file":"/src/Apple.java","tags":{"FILE_LINE_OF_CODE":"51"}}
{"ts":1662316150329,"action":"FILE_OPENED","file":"/src/Snake.java","tags":{"FILE_LINE_OF_CODE":"66"}}
{"ts":1662316152637,"action":"FILE_CLOSED","file":"/src/Snake.java","tags":{"FILE_LINE_OF_CODE":"66"}}
{"ts":1662316152637,"action":"FILE_OPENED","file":"/src/Main.java","tags":{"FILE_LINE_OF_CODE":"106"}}
{"ts":1662316154947,"action":"IDE_DEACTIVATED"}
{"ts":1662316156137,"action":"IDE_ACTIVATED"}
{"ts":1662316174457,"action":"IDE_DEACTIVATED"}
{"ts":1662316192845,"action":"IDE_ACTIVATED"}
{"ts":1662316284729,"action":"IDE_DEACTIVATED"}
{"ts":1662316301279,"action":"IDE_ACTIVATED"}
{"ts":1662316320031,"action":"IDE_DEACTIVATED"}
{"ts":1662316336835,"action":"IDE_ACTIVATED"}
{"ts":1662316389508,"action":"IDE_DEACTIVATED"}
{"ts":1662316420724,"action":"IDE_ACTIVATED"}
{"ts":1662316442740,"action":"IDE_DEACTIVATED"}
{"ts":1662316476707,"action":"IDE_ACTIVATED"}
{"ts":1662316526143,"action":"IDE_DEACTIVATED"}
{"ts":1662316548092,"action":"IDE_ACTIVATED"}
{"ts":1662316772710,"action":"IDE_DEACTIVATED"}
{"ts":1662316799818,"action":"IDE_ACTIVATED"}
{"ts":1662317486626,"action":"IDE_DEACTIVATED"}
{"ts":1662317499070,"action":"IDE_ACTIVATED"}
{"ts":1662317603008,"action":"IDE_DEACTIVATED"}
{"ts":1662317620940,"action":"IDE_ACTIVATED"}
{"ts":1662317765278,"action":"IDE_DEACTIVATED"}
{"ts":1662317830014,"action":"IDE_ACTIVATED"}
{"ts":1662317927463,"action":"FILE_CLOSED","file":"/src/Main.java","tags":{"FILE_LINE_OF_CODE":"129"}}
{"ts":1662317927463,"action":"FILE_OPENED","file":"/src/Snake.java","tags":{"FILE_LINE_OF_CODE":"66"}}
{"ts":1662317942528,"action":"FILE_CLOSED","file":"/src/Snake.java","tags":{"FILE_LINE_OF_CODE":"66"}}
{"ts":1662317942528,"action":"FILE_OPENED","file":"/src/Main.java","tags":{"FILE_LINE_OF_CODE":"129"}}
{"ts":1662317960196,"action":"IDE_DEACTIVATED"}
{"ts":1662317992032,"action":"IDE_ACTIVATED"}
{"ts":1662318181327,"action":"FILE_CLOSED","file":"/src/Main.java","tags":{"FILE_LINE_OF_CODE":"77"}}
{"ts":1662318181327,"action":"FILE_OPENED","file":"/src/Snake.java","tags":{"FILE_LINE_OF_CODE":"66"}}
{"ts":1662318204118,"action":"FILE_CLOSED","file":"/src/Snake.java","tags":{"FILE_LINE_OF_CODE":"66"}}
{"ts":1662318204118,"action":"FILE_OPENED","file":"/src/Main.java","tags":{"FILE_LINE_OF_CODE":"77"}}
{"ts":1662319377523,"action":"IDE_DEACTIVATED"}
{"ts":1662319391321,"action":"IDE_ACTIVATED"}
{"ts":1662319408991,"action":"FILE_CLOSED","file":"/src/Main.java","tags":{"FILE_LINE_OF_CODE":"93"}}
{"ts":1662319408991,"action":"FILE_OPENED","file":"/src/Snake.java","tags":{"FILE_LINE_OF_CODE":"66"}}
{"ts":1662319418146,"action":"FILE_CLOSED","file":"/src/Snake.java","tags":{"FILE_LINE_OF_CODE":"66"}}
{"ts":1662319418146,"action":"FILE_OPENED","file":"/src/Main.java","tags":{"FILE_LINE_OF_CODE":"93"}}
{"ts":1662319451535,"action":"IDE_DEACTIVATED"}
{"ts":1662319462447,"action":"IDE_ACTIVATED"}
{"ts":1662319506749,"action":"IDE_DEACTIVATED"}
{"ts":1662319519236,"action":"IDE_ACTIVATED"}
{"ts":1662319608095,"action":"IDE_DEACTIVATED"}
{"ts":1662319629374,"action":"IDE_ACTIVATED"}
{"ts":1662319648374,"action":"IDE_DEACTIVATED"}
{"ts":1662319663442,"action":"IDE_ACTIVATED"}
{"ts":1662319737919,"action":"IDE_DEACTIVATED"}
{"ts":1662319762041,"action":"IDE_ACTIVATED"}
{"ts":1662319818112,"action":"IDE_DEACTIVATED"}
{"ts":1662319831098,"action":"IDE_ACTIVATED"}
{"ts":1662319901096,"action":"IDE_DEACTIVATED"}
{"ts":1662319926393,"action":"IDE_ACTIVATED"}
{"ts":1662319951771,"action":"IDE_DEACTIVATED"}
{"ts":1662319968161,"action":"IDE_ACTIVATED"}
{"ts":1662319994954,"action":"IDE_DEACTIVATED"}
{"ts":1662320009836,"action":"IDE_ACTIVATED"}
{"ts":1662320029658,"action":"IDE_DEACTIVATED"}
{"ts":1662320045281,"action":"IDE_ACTIVATED"}
{"ts":1662320220627,"action":"IDE_DEACTIVATED"}
{"ts":1662320234454,"action":"IDE_ACTIVATED"}
{"ts":1662320245843,"action":"IDE_DEACTIVATED"}
{"ts":1662320279054,"action":"IDE_ACTIVATED"}
{"ts":1662320433321,"action":"IDE_DEACTIVATED"}
{"ts":1662320459572,"action":"IDE_ACTIVATED"}
{"ts":1662320707083,"action":"IDE_DEACTIVATED"}
{"ts":1662320727263,"action":"IDE_ACTIVATED"}
{"ts":1662320917198,"action":"FILE_CLOSED","file":"/src/Main.java","tags":{"FILE_LINE_OF_CODE":"96"}}
{"ts":1662320917198,"action":"FILE_OPENED","file":"/src/Snake.java","tags":{"FILE_LINE_OF_CODE":"66"}}
{"ts":1662320949527,"action":"FILE_CLOSED","file":"/src/Snake.java","tags":{"FILE_LINE_OF_CODE":"60"}}
{"ts":1662320949527,"action":"FILE_OPENED","file":"/src/Main.java","tags":{"FILE_LINE_OF_CODE":"96"}}
{"ts":1662321024386,"action":"IDE_DEACTIVATED"}
{"ts":1662327467478,"action":"IDE_ACTIVATED"}
{"ts":1662327468282,"action":"IDE_DEACTIVATED"}
{"ts":1662327476547,"action":"IDE_ACTIVATED"}
{"ts":1662327479328,"action":"FILE_CLOSED","file":"/src/Main.java","tags":{"FILE_LINE_OF_CODE":"96"}}
{"ts":1662327479358,"action":"PROJECT_CLOSED","tags":{"PROJECT_NAME":"Snake"}}
{"ts":1662392912934,"action":"FILE_OPENED","file":"/src/Main.java","tags":{"FILE_LINE_OF_CODE":"96"}}
{"ts":1662392913994,"action":"PROJECT_OPENED","tags":{"PROJECT_NAME":"Snake"}}
{"ts":1662392926227,"action":"IDE_DEACTIVATED"}
{"ts":1662392926405,"action":"IDE_ACTIVATED"}
{"ts":1662392950696,"action":"IDE_DEACTIVATED"}
{"ts":1662392996128,"action":"IDE_ACTIVATED"}
{"ts":1662393022775,"action":"FILE_CLOSED","file":"/src/Main.java","tags":{"FILE_LINE_OF_CODE":"96"}}
{"ts":1662393022775,"action":"FILE_OPENED","file":"/src/Snake.java","tags":{"FILE_LINE_OF_CODE":"60"}}
{"ts":1662393025086,"action":"FILE_CLOSED","file":"/src/Snake.java","tags":{"FILE_LINE_OF_CODE":"60"}}
{"ts":1662393025086,"action":"FILE_OPENED","file":"/src/Main.java","tags":{"FILE_LINE_OF_CODE":"96"}}
{"ts":1662393094541,"action":"FILE_CLOSED","file":"/src/Main.java","tags":{"FILE_LINE_OF_CODE":"81"}}
{"ts":1662393094541,"action":"FILE_OPENED","file":"/src/Snake.java","tags":{"FILE_LINE_OF_CODE":"60"}}
{"ts":1662393166678,"action":"FILE_CLOSED","file":"/src/Snake.java","tags":{"FILE_LINE_OF_CODE":"66"}}
{"ts":1662393166678,"action":"FILE_OPENED","file":"/src/Main.java","tags":{"FILE_LINE_OF_CODE":"81"}}
{"ts":1662393220549,"action":"FILE_CLOSED","file":"/src/Main.java","tags":{"FILE_LINE_OF_CODE":"84"}}
{"ts":1662393220549,"action":"FILE_OPENED","file":"/src/Snake.java","tags":{"FILE_LINE_OF_CODE":"66"}}
{"ts":1662393222310,"action":"FILE_CLOSED","file":"/src/Snake.java","tags":{"FILE_LINE_OF_CODE":"66"}}
{"ts":1662393222310,"action":"FILE_OPENED","file":"/src/Main.java","tags":{"FILE_LINE_OF_CODE":"84"}}
{"ts":1662393336596,"action":"IDE_DEACTIVATED"}
{"ts":1662393361942,"action":"IDE_ACTIVATED"}
{"ts":1662393410553,"action":"IDE_DEACTIVATED"}
{"ts":1662393422220,"action":"IDE_ACTIVATED"}
{"ts":1662393426949,"action":"FILE_CLOSED","file":"/src/Main.java","tags":{"FILE_LINE_OF_CODE":"91"}}
{"ts":1662393426949,"action":"FILE_OPENED","file":"/src/Snake.java","tags":{"FILE_LINE_OF_CODE":"66"}}
{"ts":1662393451347,"action":"FILE_CLOSED","file":"/src/Snake.java","tags":{"FILE_LINE_OF_CODE":"66"}}
{"ts":1662393451347,"action":"FILE_OPENED","file":"/src/Main.java","tags":{"FILE_LINE_OF_CODE":"91"}}
{"ts":1662393463142,"action":"FILE_CLOSED","file":"/src/Main.java","tags":{"FILE_LINE_OF_CODE":"91"}}
{"ts":1662393463142,"action":"FILE_OPENED","file":"/src/Snake.java","tags":{"FILE_LINE_OF_CODE":"66"}}
{"ts":1662393473837,"action":"FILE_CLOSED","file":"/src/Snake.java","tags":{"FILE_LINE_OF_CODE":"66"}}
{"ts":1662393473837,"action":"FILE_OPENED","file":"/src/Main.java","tags":{"FILE_LINE_OF_CODE":"91"}}
{"ts":1662393525214,"action":"IDE_DEACTIVATED"}
{"ts":1662393554102,"action":"IDE_ACTIVATED"}
{"ts":1662393619116,"action":"IDE_DEACTIVATED"}
{"ts":1662396803143,"action":"IDE_ACTIVATED"}
{"ts":1662396805358,"action":"IDE_DEACTIVATED"}
{"ts":1662396807379,"action":"IDE_ACTIVATED"}
{"ts":1662397364760,"action":"IDE_DEACTIVATED"}
{"ts":1662397422394,"action":"IDE_ACTIVATED"}
{"ts":1662397937715,"action":"IDE_DEACTIVATED"}
{"ts":1662397982998,"action":"IDE_ACTIVATED"}
{"ts":1662398004280,"action":"FILE_CLOSED","file":"/src/Main.java","tags":{"FILE_LINE_OF_CODE":"103"}}
{"ts":1662398004280,"action":"FILE_OPENED","file":"/src/Snake.java","tags":{"FILE_LINE_OF_CODE":"66"}}
{"ts":1662398008150,"action":"FILE_CLOSED","file":"/src/Snake.java","tags":{"FILE_LINE_OF_CODE":"66"}}
{"ts":1662398008150,"action":"FILE_OPENED","file":"/src/Main.java","tags":{"FILE_LINE_OF_CODE":"103"}}
{"ts":1662398046660,"action":"IDE_DEACTIVATED"}
{"ts":1662398048356,"action":"IDE_ACTIVATED"}
{"ts":1662398049992,"action":"IDE_DEACTIVATED"}
{"ts":1662398094381,"action":"IDE_ACTIVATED"}
{"ts":1662398302021,"action":"IDE_DEACTIVATED"}
{"ts":1662398303442,"action":"IDE_ACTIVATED"}
{"ts":1662398322773,"action":"IDE_DEACTIVATED"}
{"ts":1662398344942,"action":"IDE_ACTIVATED"}
{"ts":1662398368766,"action":"FILE_CLOSED","file":"/src/Main.java","tags":{"FILE_LINE_OF_CODE":"106"}}
{"ts":1662398374371,"action":"FILE_OPENED","file":"/src/Main.java","tags":{"FILE_LINE_OF_CODE":"106"}}
{"ts":1662398452636,"action":"IDE_DEACTIVATED"}
{"ts":1662398502163,"action":"IDE_ACTIVATED"}
{"ts":1662398504196,"action":"IDE_DEACTIVATED"}
{"ts":1662398527759,"action":"IDE_ACTIVATED"}
{"ts":1662398534155,"action":"IDE_DEACTIVATED"}
{"ts":1662398543681,"action":"IDE_ACTIVATED"}
{"ts":1662398556972,"action":"IDE_DEACTIVATED"}
{"ts":1662398559111,"action":"IDE_ACTIVATED"}
{"ts":1662398584916,"action":"IDE_DEACTIVATED"}
{"ts":1662398595095,"action":"IDE_ACTIVATED"}
{"ts":1662398596460,"action":"IDE_DEACTIVATED"}
{"ts":1662398598808,"action":"IDE_ACTIVATED"}
{"ts":1662398612004,"action":"IDE_DEACTIVATED"}
{"ts":1662398618646,"action":"IDE_ACTIVATED"}
{"ts":1662398686220,"action":"IDE_DEACTIVATED"}
{"ts":1662398692090,"action":"IDE_ACTIVATED"}
{"ts":1662398709064,"action":"IDE_DEACTIVATED"}
{"ts":1662398713207,"action":"IDE_ACTIVATED"}
{"ts":1662398723269,"action":"IDE_DEACTIVATED"}
{"ts":1662398757625,"action":"IDE_ACTIVATED"}
{"ts":1662398758556,"action":"IDE_DEACTIVATED"}
{"ts":1662398761209,"action":"IDE_ACTIVATED"}
{"ts":1662398763717,"action":"IDE_DEACTIVATED"}
{"ts":1662398764805,"action":"IDE_ACTIVATED"}
{"ts":1662398785487,"action":"IDE_DEACTIVATED"}
{"ts":1662398787305,"action":"IDE_ACTIVATED"}
{"ts":1662398797580,"action":"IDE_DEACTIVATED"}
{"ts":1662398798760,"action":"IDE_ACTIVATED"}
{"ts":1662398807534,"action":"IDE_DEACTIVATED"}
{"ts":1662398808293,"action":"IDE_ACTIVATED"}
{"ts":1662398811076,"action":"IDE_DEACTIVATED"}
{"ts":1662398813943,"action":"IDE_ACTIVATED"}
{"ts":1662398879769,"action":"FILE_CLOSED","file":"/src/Main.java","tags":{"FILE_LINE_OF_CODE":"107"}}
{"ts":1662398879769,"action":"FILE_OPENED","file":"/src/Snake.java","tags":{"FILE_LINE_OF_CODE":"66"}}
{"ts":1662398886064,"action":"FILE_CLOSED","file":"/src/Snake.java","tags":{"FILE_LINE_OF_CODE":"66"}}
{"ts":1662398886064,"action":"FILE_OPENED","file":"/src/Main.java","tags":{"FILE_LINE_OF_CODE":"107"}}
{"ts":1662399345025,"action":"FILE_CLOSED","file":"/src/Main.java","tags":{"FILE_LINE_OF_CODE":"91"}}
{"ts":1662399345025,"action":"FILE_OPENED","file":"/src/Snake.java","tags":{"FILE_LINE_OF_CODE":"66"}}
{"ts":1662399350541,"action":"FILE_CLOSED","file":"/src/Snake.java","tags":{"FILE_LINE_OF_CODE":"66"}}
{"ts":1662399350541,"action":"FILE_OPENED","file":"/src/Main.java","tags":{"FILE_LINE_OF_CODE":"91"}}
{"ts":1662399662169,"action":"FILE_CLOSED","file":"/src/Main.java","tags":{"FILE_LINE_OF_CODE":"94"}}
{"ts":1662399662169,"action":"FILE_OPENED","file":"/src/Snake.java","tags":{"FILE_LINE_OF_CODE":"66"}}
{"ts":1662399680701,"action":"IDE_DEACTIVATED"}
{"ts":1662399772923,"action":"IDE_ACTIVATED"}
{"ts":1662400009677,"action":"FILE_CLOSED","file":"/src/Snake.java","tags":{"FILE_LINE_OF_CODE":"64"}}
{"ts":1662400009677,"action":"FILE_OPENED","file":"/src/Main.java","tags":{"FILE_LINE_OF_CODE":"94"}}
{"ts":1662400040956,"action":"FILE_CLOSED","file":"/src/Main.java","tags":{"FILE_LINE_OF_CODE":"95"}}
{"ts":1662400040956,"action":"FILE_OPENED","file":"/src/Snake.java","tags":{"FILE_LINE_OF_CODE":"64"}}
{"ts":1662400044241,"action":"FILE_CLOSED","file":"/src/Snake.java","tags":{"FILE_LINE_OF_CODE":"64"}}
{"ts":1662400044241,"action":"FILE_OPENED","file":"/src/Main.java","tags":{"FILE_LINE_OF_CODE":"95"}}
{"ts":1662400221311,"action":"FILE_CLOSED","file":"/src/Main.java","tags":{"FILE_LINE_OF_CODE":"97"}}
{"ts":1662400221311,"action":"FILE_OPENED","file":"/src/Input.java","tags":{"FILE_LINE_OF_CODE":"18"}}
{"ts":1662400255549,"action":"FILE_CLOSED","file":"/src/Input.java","tags":{"FILE_LINE_OF_CODE":"21"}}
{"ts":1662400255549,"action":"FILE_OPENED","file":"/src/Main.java","tags":{"FILE_LINE_OF_CODE":"97"}}
{"ts":1662400258253,"action":"FILE_CLOSED","file":"/src/Main.java","tags":{"FILE_LINE_OF_CODE":"97"}}
{"ts":1662400258253,"action":"FILE_OPENED","file":"/src/Input.java","tags":{"FILE_LINE_OF_CODE":"21"}}
{"ts":1662400270396,"action":"FILE_CLOSED","file":"/src/Input.java","tags":{"FILE_LINE_OF_CODE":"24"}}
{"ts":1662400270396,"action":"FILE_OPENED","file":"/src/Main.java","tags":{"FILE_LINE_OF_CODE":"97"}}
{"ts":1662400273558,"action":"FILE_CLOSED","file":"/src/Main.java","tags":{"FILE_LINE_OF_CODE":"97"}}
{"ts":1662400273558,"action":"FILE_OPENED","file":"/src/Input.java","tags":{"FILE_LINE_OF_CODE":"24"}}
{"ts":1662400316647,"action":"FILE_CLOSED","file":"/src/Input.java","tags":{"FILE_LINE_OF_CODE":"23"}}
{"ts":1662400316647,"action":"FILE_OPENED","file":"/src/Main.java","tags":{"FILE_LINE_OF_CODE":"97"}}
{"ts":1662400628198,"action":"IDE_DEACTIVATED"}
{"ts":1662400630210,"action":"IDE_ACTIVATED"}
{"ts":1662400665357,"action":"IDE_DEACTIVATED"}
{"ts":1662400704178,"action":"IDE_ACTIVATED"}
{"ts":1662400871623,"action":"FILE_CLOSED","file":"/src/Main.java","tags":{"FILE_LINE_OF_CODE":"99"}}
{"ts":1662400871623,"action":"FILE_OPENED","file":"/src/Snake.java","tags":{"FILE_LINE_OF_CODE":"64"}}
{"ts":1662400883672,"action":"FILE_CLOSED","file":"/src/Snake.java","tags":{"FILE_LINE_OF_CODE":"64"}}
{"ts":1662400883672,"action":"FILE_OPENED","file":"/src/Main.java","tags":{"FILE_LINE_OF_CODE":"99"}}
{"ts":1662401383007,"action":"IDE_DEACTIVATED"}
{"ts":1662401384276,"action":"IDE_ACTIVATED"}
{"ts":1662401397278,"action":"IDE_DEACTIVATED"}
{"ts":1662401398807,"action":"IDE_ACTIVATED"}
{"ts":1662401404464,"action":"IDE_DEACTIVATED"}
{"ts":1662401500001,"action":"IDE_ACTIVATED"}
{"ts":1662401501510,"action":"IDE_DEACTIVATED"}
{"ts":1662401538267,"action":"IDE_ACTIVATED"}
{"ts":1662401538926,"action":"IDE_DEACTIVATED"}
{"ts":1662401561782,"action":"IDE_ACTIVATED"}
{"ts":1662401565050,"action":"IDE_DEACTIVATED"}
{"ts":1662402009333,"action":"IDE_ACTIVATED"}
{"ts":1662402013284,"action":"IDE_DEACTIVATED"}
{"ts":1662402082612,"action":"IDE_ACTIVATED"}
{"ts":1662402396128,"action":"IDE_DEACTIVATED"}
{"ts":1662403921030,"action":"IDE_ACTIVATED"}
{"ts":1662403933371,"action":"FILE_CLOSED","file":"/src/Main.java","tags":{"FILE_LINE_OF_CODE":"100"}}
{"ts":1662403933404,"action":"PROJECT_CLOSED","tags":{"PROJECT_NAME":"Snake"}}
{"ts":1662471865294,"action":"FILE_OPENED","file":"/src/Main.java","tags":{"FILE_LINE_OF_CODE":"100"}}
{"ts":1662471866526,"action":"PROJECT_OPENED","tags":{"PROJECT_NAME":"Snake"}}
{"ts":1662471934610,"action":"IDE_DEACTIVATED"}
{"ts":1662472519972,"action":"IDE_ACTIVATED"}
{"ts":1662472521243,"action":"IDE_DEACTIVATED"}
{"ts":1662482280585,"action":"IDE_ACTIVATED"}
{"ts":1662482283740,"action":"FILE_CLOSED","file":"/src/Main.java","tags":{"FILE_LINE_OF_CODE":"100"}}
{"ts":1662482283829,"action":"PROJECT_CLOSED","tags":{"PROJECT_NAME":"Snake"}}
{"ts":1662500207365,"action":"FILE_OPENED","file":"/src/Main.java","tags":{"FILE_LINE_OF_CODE":"100"}}
{"ts":1662500208484,"action":"PROJECT_OPENED","tags":{"PROJECT_NAME":"Snake"}}
{"ts":1662637764101,"action":"FILE_OPENED","file":"/src/Main.java","tags":{"FILE_LINE_OF_CODE":"100"}}
{"ts":1662637764279,"action":"PROJECT_OPENED","tags":{"PROJECT_NAME":"Snake"}}
{"ts":1662637769509,"action":"FILE_CLOSED","file":"/src/Main.java","tags":{"FILE_LINE_OF_CODE":"100"}}
{"ts":1662637769509,"action":"FILE_OPENED","file":"/src/Apple.java","tags":{"FILE_LINE_OF_CODE":"51"}}
{"ts":1662637773426,"action":"IDE_DEACTIVATED"}
{"ts":1662637780864,"action":"IDE_ACTIVATED"}
{"ts":1662637786547,"action":"FILE_CLOSED","file":"/src/Apple.java","tags":{"FILE_LINE_OF_CODE":"51"}}
{"ts":1662637786547,"action":"FILE_OPENED","file":"/src/Main.java","tags":{"FILE_LINE_OF_CODE":"100"}}
{"ts":1662637794521,"action":"IDE_ACTIVATED"}
{"ts":1662637795493,"action":"IDE_DEACTIVATED"}
{"ts":1662637795499,"action":"IDE_ACTIVATED"}
{"ts":1662637795786,"action":"IDE_DEACTIVATED"}
{"ts":1662637855333,"action":"IDE_ACTIVATED"}
{"ts":1662637858563,"action":"IDE_DEACTIVATED"}
{"ts":1662637898030,"action":"IDE_ACTIVATED"}
{"ts":1662637919069,"action":"IDE_DEACTIVATED"}
{"ts":1662637946762,"action":"IDE_ACTIVATED"}
{"ts":1662637953324,"action":"IDE_DEACTIVATED"}
{"ts":1662637959411,"action":"IDE_ACTIVATED"}
{"ts":1662637964746,"action":"IDE_DEACTIVATED"}
{"ts":1662637967695,"action":"IDE_ACTIVATED"}
{"ts":1662637969376,"action":"IDE_DEACTIVATED"}
{"ts":1662637973610,"action":"IDE_ACTIVATED"}
{"ts":1662637973723,"action":"IDE_DEACTIVATED"}
{"ts":1662638251086,"action":"IDE_ACTIVATED"}
{"ts":1662638253089,"action":"IDE_DEACTIVATED"}
{"ts":1662640380770,"action":"IDE_ACTIVATED"}
{"ts":1662640412375,"action":"IDE_DEACTIVATED"}
{"ts":1662640413627,"action":"IDE_ACTIVATED"}
{"ts":1662640417940,"action":"IDE_DEACTIVATED"}
{"ts":1662640432041,"action":"IDE_ACTIVATED"}
{"ts":1662640471623,"action":"IDE_DEACTIVATED"}
{"ts":1662640484582,"action":"IDE_ACTIVATED"}
{"ts":1662640486542,"action":"IDE_DEACTIVATED"}
{"ts":1662640488555,"action":"IDE_ACTIVATED"}
{"ts":1662640502376,"action":"IDE_DEACTIVATED"}
{"ts":1662640520176,"action":"IDE_ACTIVATED"}
{"ts":1662640583792,"action":"IDE_DEACTIVATED"}
{"ts":1662640586035,"action":"IDE_ACTIVATED"}
{"ts":1662640736278,"action":"IDE_DEACTIVATED"}
{"ts":1662640758306,"action":"IDE_ACTIVATED"}
{"ts":1662641134419,"action":"IDE_DEACTIVATED"}
{"ts":1662641209558,"action":"IDE_ACTIVATED"}
{"ts":1662641221448,"action":"FILE_CLOSED","file":"/src/Main.java","tags":{"FILE_LINE_OF_CODE":"100"}}
{"ts":1662641221473,"action":"PROJECT_CLOSED","tags":{"PROJECT_NAME":"Snake"}}
{"ts":1662830006314,"action":"FILE_OPENED","file":"/src/Main.java","tags":{"FILE_LINE_OF_CODE":"100"}}
{"ts":1662830006501,"action":"PROJECT_OPENED","tags":{"PROJECT_NAME":"Snake"}}
{"ts":1662830038373,"action":"FILE_CLOSED","file":"/src/Main.java","tags":{"FILE_LINE_OF_CODE":"100"}}
{"ts":1662830038373,"action":"FILE_OPENED","file":"/src/Apple.java","tags":{"FILE_LINE_OF_CODE":"51"}}
{"ts":1662830057172,"action":"FILE_CLOSED","file":"/src/Apple.java","tags":{"FILE_LINE_OF_CODE":"51"}}
{"ts":1662830057172,"action":"FILE_OPENED","file":"/src/Main.java","tags":{"FILE_LINE_OF_CODE":"100"}}
{"ts":1662830066847,"action":"IDE_DEACTIVATED"}
{"ts":1662830069549,"action":"IDE_ACTIVATED"}
{"ts":1662830290792,"action":"IDE_DEACTIVATED"}
{"ts":1662830292809,"action":"IDE_ACTIVATED"}
{"ts":1662830292846,"action":"IDE_DEACTIVATED"}
{"ts":1662830292850,"action":"IDE_ACTIVATED"}
{"ts":1662830294720,"action":"IDE_DEACTIVATED"}
{"ts":1662830356629,"action":"IDE_ACTIVATED"}
{"ts":1662830396569,"action":"IDE_DEACTIVATED"}
{"ts":1662830406603,"action":"IDE_ACTIVATED"}
{"ts":1662830406798,"action":"IDE_DEACTIVATED"}
{"ts":1662830416170,"action":"IDE_ACTIVATED"}
{"ts":1662830452826,"action":"IDE_DEACTIVATED"}
{"ts":1662830456469,"action":"IDE_ACTIVATED"}
{"ts":1662830464845,"action":"IDE_DEACTIVATED"}
{"ts":1662830512915,"action":"IDE_ACTIVATED"}
{"ts":1662830545051,"action":"IDE_DEACTIVATED"}
{"ts":1662830561582,"action":"IDE_ACTIVATED"}
{"ts":1662830678525,"action":"IDE_DEACTIVATED"}
{"ts":1662830699855,"action":"IDE_ACTIVATED"}
{"ts":1662830716754,"action":"IDE_DEACTIVATED"}
{"ts":1662830723011,"action":"IDE_ACTIVATED"}
{"ts":1662830743666,"action":"IDE_DEACTIVATED"}
{"ts":1662830747748,"action":"IDE_ACTIVATED"}
{"ts":1662830790872,"action":"IDE_DEACTIVATED"}
{"ts":1662830795408,"action":"IDE_ACTIVATED"}
{"ts":1662830801624,"action":"IDE_DEACTIVATED"}
{"ts":1662830803227,"action":"IDE_ACTIVATED"}
{"ts":1662830813394,"action":"IDE_DEACTIVATED"}
{"ts":1662830819384,"action":"IDE_ACTIVATED"}
{"ts":1662830830914,"action":"IDE_DEACTIVATED"}
{"ts":1662830858451,"action":"IDE_ACTIVATED"}
{"ts":1662830872537,"action":"IDE_DEACTIVATED"}
{"ts":1662830946117,"action":"IDE_ACTIVATED"}
{"ts":1662830948511,"action":"IDE_DEACTIVATED"}
{"ts":1662830950739,"action":"IDE_ACTIVATED"}
{"ts":1662830962249,"action":"IDE_DEACTIVATED"}
{"ts":1662830964944,"action":"IDE_ACTIVATED"}
{"ts":1662830980743,"action":"IDE_DEACTIVATED"}
{"ts":1662830997363,"action":"IDE_ACTIVATED"}
{"ts":1662831284056,"action":"IDE_DEACTIVATED"}
{"ts":1662831288111,"action":"IDE_ACTIVATED"}
{"ts":1662831297565,"action":"IDE_DEACTIVATED"}
{"ts":1662831298907,"action":"IDE_ACTIVATED"}
{"ts":1662831308401,"action":"IDE_DEACTIVATED"}
{"ts":1662831311548,"action":"IDE_ACTIVATED"}
{"ts":1662831328568,"action":"IDE_DEACTIVATED"}
{"ts":1662831330135,"action":"IDE_ACTIVATED"}
{"ts":1662831339563,"action":"IDE_DEACTIVATED"}
{"ts":1662831341423,"action":"IDE_ACTIVATED"}
{"ts":1662831363320,"action":"IDE_DEACTIVATED"}
{"ts":1662831365294,"action":"IDE_ACTIVATED"}
{"ts":1662831368894,"action":"IDE_DEACTIVATED"}
{"ts":1662831369925,"action":"IDE_ACTIVATED"}
{"ts":1662831380016,"action":"FILE_CLOSED","file":"/src/Main.java","tags":{"FILE_LINE_OF_CODE":"100"}}
{"ts":1662831380016,"action":"FILE_OPENED","file":"/src/Apple.java","tags":{"FILE_LINE_OF_CODE":"51"}}
{"ts":1662831380505,"action":"FILE_CLOSED","file":"/src/Apple.java","tags":{"FILE_LINE_OF_CODE":"51"}}
{"ts":1662831380505,"action":"FILE_OPENED","file":"/src/Snake.java","tags":{"FILE_LINE_OF_CODE":"64"}}
{"ts":1662831388996,"action":"FILE_CLOSED","file":"/src/Snake.java","tags":{"FILE_LINE_OF_CODE":"64"}}
{"ts":1662831388996,"action":"FILE_OPENED","file":"/src/Main.java","tags":{"FILE_LINE_OF_CODE":"100"}}
{"ts":1662831393157,"action":"FILE_CLOSED","file":"/src/Main.java","tags":{"FILE_LINE_OF_CODE":"100"}}
{"ts":1662831393157,"action":"FILE_OPENED","file":"/src/Apple.java","tags":{"FILE_LINE_OF_CODE":"51"}}
{"ts":1662831398318,"action":"FILE_CLOSED","file":"/src/Apple.java","tags":{"FILE_LINE_OF_CODE":"51"}}
{"ts":1662831398318,"action":"FILE_OPENED","file":"/src/Main.java","tags":{"FILE_LINE_OF_CODE":"100"}}
{"ts":1662831481873,"action":"IDE_DEACTIVATED"}
{"ts":1662831485879,"action":"IDE_ACTIVATED"}
{"ts":1662831509016,"action":"IDE_DEACTIVATED"}
{"ts":1662831515208,"action":"IDE_ACTIVATED"}
{"ts":1662831531051,"action":"IDE_DEACTIVATED"}
{"ts":1662831534665,"action":"IDE_ACTIVATED"}
{"ts":1662831608092,"action":"IDE_DEACTIVATED"}
{"ts":1662831612011,"action":"IDE_ACTIVATED"}
{"ts":1662831628196,"action":"IDE_DEACTIVATED"}
{"ts":1662831634349,"action":"IDE_ACTIVATED"}
{"ts":1662831831608,"action":"IDE_DEACTIVATED"}
{"ts":1662831843589,"action":"IDE_ACTIVATED"}
{"ts":1662831860697,"action":"IDE_DEACTIVATED"}
{"ts":1662831861980,"action":"IDE_ACTIVATED"}
{"ts":1662831872699,"action":"IDE_DEACTIVATED"}
{"ts":1662831876003,"action":"IDE_ACTIVATED"}
{"ts":1662831881536,"action":"IDE_DEACTIVATED"}
{"ts":1662831888560,"action":"IDE_ACTIVATED"}
{"ts":1662832016818,"action":"IDE_DEACTIVATED"}
{"ts":1662832026740,"action":"IDE_ACTIVATED"}
{"ts":1662832108291,"action":"IDE_DEACTIVATED"}
{"ts":1662832112255,"action":"IDE_ACTIVATED"}
{"ts":1662832585116,"action":"IDE_DEACTIVATED"}
{"ts":1662832605649,"action":"IDE_ACTIVATED"}
{"ts":1662832620672,"action":"IDE_DEACTIVATED"}
{"ts":1662832635209,"action":"IDE_ACTIVATED"}
{"ts":1662832716431,"action":"IDE_DEACTIVATED"}
{"ts":1662832719322,"action":"IDE_ACTIVATED"}
{"ts":1662832723361,"action":"IDE_DEACTIVATED"}
{"ts":1662832726111,"action":"IDE_ACTIVATED"}
{"ts":1662832730757,"action":"IDE_DEACTIVATED"}
{"ts":1662832736525,"action":"IDE_ACTIVATED"}
{"ts":1662832849192,"action":"IDE_DEACTIVATED"}
{"ts":1662832855946,"action":"IDE_ACTIVATED"}
{"ts":1662832932955,"action":"IDE_DEACTIVATED"}
{"ts":1662832937218,"action":"IDE_ACTIVATED"}
{"ts":1662832954121,"action":"IDE_DEACTIVATED"}
{"ts":1662832978757,"action":"IDE_ACTIVATED"}
{"ts":1662833053610,"action":"IDE_DEACTIVATED"}
{"ts":1662833057974,"action":"IDE_ACTIVATED"}
{"ts":1662833070291,"action":"IDE_DEACTIVATED"}
{"ts":1662833071576,"action":"IDE_ACTIVATED"}
{"ts":1662833076090,"action":"FILE_CLOSED","file":"/src/Main.java","tags":{"FILE_LINE_OF_CODE":"100"}}
{"ts":1662833076090,"action":"FILE_OPENED","file":"/src/Apple.java","tags":{"FILE_LINE_OF_CODE":"51"}}
{"ts":1662833092983,"action":"FILE_CLOSED","file":"/src/Apple.java","tags":{"FILE_LINE_OF_CODE":"51"}}
{"ts":1662833092983,"action":"FILE_OPENED","file":"/src/Snake.java","tags":{"FILE_LINE_OF_CODE":"64"}}
{"ts":1662833107651,"action":"IDE_DEACTIVATED"}
{"ts":1662833111642,"action":"IDE_ACTIVATED"}
{"ts":1662833114098,"action":"IDE_DEACTIVATED"}
{"ts":1662833119865,"action":"IDE_ACTIVATED"}
{"ts":1662833174665,"action":"IDE_DEACTIVATED"}
{"ts":1662833177407,"action":"IDE_ACTIVATED"}
{"ts":1662833180636,"action":"FILE_CLOSED","file":"/src/Snake.java","tags":{"FILE_LINE_OF_CODE":"64"}}
{"ts":1662833180636,"action":"FILE_OPENED","file":"/src/Main.java","tags":{"FILE_LINE_OF_CODE":"100"}}
{"ts":1662833186435,"action":"IDE_DEACTIVATED"}
{"ts":1662833188920,"action":"IDE_ACTIVATED"}
{"ts":1662833208426,"action":"IDE_DEACTIVATED"}
{"ts":1662833209966,"action":"IDE_ACTIVATED"}
{"ts":1662833211605,"action":"IDE_DEACTIVATED"}
{"ts":1662833214231,"action":"IDE_ACTIVATED"}
{"ts":1662833239298,"action":"IDE_DEACTIVATED"}
{"ts":1662833241741,"action":"IDE_ACTIVATED"}
{"ts":1662833286924,"action":"IDE_DEACTIVATED"}
{"ts":1662833289558,"action":"IDE_ACTIVATED"}
{"ts":1662833308509,"action":"IDE_DEACTIVATED"}
{"ts":1662833311562,"action":"IDE_ACTIVATED"}
{"ts":1662833456987,"action":"IDE_DEACTIVATED"}
{"ts":1662833459590,"action":"IDE_ACTIVATED"}
{"ts":1662833464609,"action":"IDE_DEACTIVATED"}
{"ts":1662833467793,"action":"IDE_ACTIVATED"}
{"ts":1662833479062,"action":"IDE_DEACTIVATED"}
{"ts":1662833556129,"action":"IDE_ACTIVATED"}
{"ts":1662833586400,"action":"IDE_DEACTIVATED"}
{"ts":1662833588186,"action":"IDE_ACTIVATED"}
{"ts":1662833607703,"action":"IDE_DEACTIVATED"}
{"ts":1662833609618,"action":"IDE_ACTIVATED"}
{"ts":1662833624758,"action":"IDE_DEACTIVATED"}
{"ts":1662833627083,"action":"IDE_ACTIVATED"}
{"ts":1662833655797,"action":"IDE_DEACTIVATED"}
{"ts":1662833656945,"action":"IDE_ACTIVATED"}
{"ts":1662833663754,"action":"IDE_DEACTIVATED"}
{"ts":1662833671953,"action":"IDE_ACTIVATED"}
{"ts":1662833700541,"action":"IDE_DEACTIVATED"}
{"ts":1662833705748,"action":"IDE_ACTIVATED"}
{"ts":1662833706113,"action":"IDE_DEACTIVATED"}
{"ts":1662833709478,"action":"IDE_ACTIVATED"}
{"ts":1662833714817,"action":"IDE_DEACTIVATED"}
{"ts":1662833718157,"action":"IDE_ACTIVATED"}
{"ts":1662833734889,"action":"IDE_DEACTIVATED"}
{"ts":1662833738068,"action":"IDE_ACTIVATED"}
{"ts":1662833740364,"action":"IDE_DEACTIVATED"}
{"ts":1662833783004,"action":"IDE_ACTIVATED"}
{"ts":1662833821817,"action":"IDE_DEACTIVATED"}
{"ts":1663171067295,"action":"FILE_OPENED","file":"/src/Main.java","tags":{"FILE_LINE_OF_CODE":"100"}}
{"ts":1663171067481,"action":"PROJECT_OPENED","tags":{"PROJECT_NAME":"Snake"}}
{"ts":1663171097423,"action":"IDE_DEACTIVATED"}
{"ts":1663171098168,"action":"IDE_ACTIVATED"}
{"ts":1663171115807,"action":"IDE_DEACTIVATED"}
{"ts":1663171115962,"action":"IDE_ACTIVATED"}
{"ts":1663171154190,"action":"FILE_CLOSED","file":"/src/Main.java","tags":{"FILE_LINE_OF_CODE":"100"}}
{"ts":1663171154190,"action":"FILE_OPENED","file":"/src/Apple.java","tags":{"FILE_LINE_OF_CODE":"51"}}
{"ts":1663171159089,"action":"IDE_DEACTIVATED"}
{"ts":1663171159722,"action":"IDE_ACTIVATED"}
{"ts":1663171169768,"action":"IDE_DEACTIVATED"}
{"ts":1663171172344,"action":"IDE_ACTIVATED"}
{"ts":1663171183883,"action":"IDE_DEACTIVATED"}
{"ts":1663171185005,"action":"IDE_ACTIVATED"}
{"ts":1663171194524,"action":"IDE_DEACTIVATED"}
{"ts":1663171199940,"action":"IDE_ACTIVATED"}
{"ts":1663171216174,"action":"IDE_DEACTIVATED"}
{"ts":1663171217702,"action":"IDE_ACTIVATED"}
{"ts":1663171219527,"action":"IDE_DEACTIVATED"}
{"ts":1663171220035,"action":"IDE_ACTIVATED"}
{"ts":1663171231165,"action":"FILE_CLOSED","file":"/src/Apple.java","tags":{"FILE_LINE_OF_CODE":"51"}}
{"ts":1663171231165,"action":"FILE_OPENED","file":"/src/Main.java","tags":{"FILE_LINE_OF_CODE":"100"}}
{"ts":1663171238090,"action":"IDE_DEACTIVATED"}
{"ts":1663171238564,"action":"IDE_ACTIVATED"}
{"ts":1663171283010,"action":"IDE_DEACTIVATED"}
{"ts":1663171286589,"action":"IDE_ACTIVATED"}
{"ts":1663171300221,"action":"IDE_DEACTIVATED"}
{"ts":1663171300672,"action":"IDE_ACTIVATED"}
{"ts":1663171306545,"action":"IDE_DEACTIVATED"}
{"ts":1663171306765,"action":"IDE_ACTIVATED"}
{"ts":1663171319428,"action":"IDE_DEACTIVATED"}
{"ts":1663171321932,"action":"IDE_ACTIVATED"}
{"ts":1663171329425,"action":"IDE_DEACTIVATED"}
{"ts":1663171335932,"action":"IDE_ACTIVATED"}
{"ts":1663171353435,"action":"IDE_DEACTIVATED"}
{"ts":1663171353607,"action":"IDE_ACTIVATED"}
{"ts":1663171354841,"action":"IDE_DEACTIVATED"}
{"ts":1663171359043,"action":"IDE_ACTIVATED"}
{"ts":1663171361636,"action":"IDE_DEACTIVATED"}
{"ts":1663171362991,"action":"IDE_ACTIVATED"}
{"ts":1663171363102,"action":"IDE_DEACTIVATED"}
{"ts":1663171365580,"action":"IDE_ACTIVATED"}
{"ts":1663171367288,"action":"IDE_DEACTIVATED"}
{"ts":1663171371456,"action":"IDE_ACTIVATED"}
{"ts":1663171373595,"action":"IDE_DEACTIVATED"}
{"ts":1663171373697,"action":"IDE_ACTIVATED"}
{"ts":1663171374204,"action":"IDE_DEACTIVATED"}
{"ts":1663171375814,"action":"IDE_ACTIVATED"}
{"ts":1663171433382,"action":"IDE_DEACTIVATED"}
{"ts":1663171443189,"action":"IDE_ACTIVATED"}
{"ts":1663171473400,"action":"IDE_DEACTIVATED"}
{"ts":1663171474865,"action":"IDE_ACTIVATED"}
{"ts":1663171495272,"action":"IDE_DEACTIVATED"}
{"ts":1663171496341,"action":"IDE_ACTIVATED"}
{"ts":1663171496795,"action":"IDE_DEACTIVATED"}
{"ts":1663171497115,"action":"IDE_ACTIVATED"}
{"ts":1663171510608,"action":"IDE_DEACTIVATED"}
{"ts":1663171511276,"action":"IDE_ACTIVATED"}
{"ts":1663171541689,"action":"IDE_DEACTIVATED"}
{"ts":1663171542337,"action":"IDE_ACTIVATED"}
{"ts":1663171582614,"action":"IDE_DEACTIVATED"}
{"ts":1663171586849,"action":"IDE_ACTIVATED"}
{"ts":1663171661246,"action":"IDE_DEACTIVATED"}
{"ts":1663171662580,"action":"IDE_ACTIVATED"}
{"ts":1663171663760,"action":"IDE_DEACTIVATED"}
{"ts":1663171719848,"action":"IDE_ACTIVATED"}
{"ts":1663171721145,"action":"IDE_DEACTIVATED"}
{"ts":1663171723108,"action":"IDE_ACTIVATED"}
{"ts":1663171776683,"action":"IDE_DEACTIVATED"}
{"ts":1663171785955,"action":"IDE_ACTIVATED"}
{"ts":1663171786583,"action":"IDE_DEACTIVATED"}
{"ts":1663171787171,"action":"IDE_ACTIVATED"}
{"ts":1663171790904,"action":"IDE_DEACTIVATED"}
{"ts":1663171792447,"action":"IDE_ACTIVATED"}
{"ts":1663171832192,"action":"IDE_DEACTIVATED"}
{"ts":1663171879857,"action":"IDE_ACTIVATED"}
{"ts":1663171882635,"action":"IDE_DEACTIVATED"}
{"ts":1663171893255,"action":"IDE_ACTIVATED"}
{"ts":1663171910416,"action":"IDE_DEACTIVATED"}
{"ts":1663171913383,"action":"IDE_ACTIVATED"}
{"ts":1663171922176,"action":"IDE_DEACTIVATED"}
{"ts":1663171925259,"action":"IDE_ACTIVATED"}
{"ts":1663171964783,"action":"IDE_DEACTIVATED"}
{"ts":1663171968153,"action":"IDE_ACTIVATED"}
{"ts":1663171970432,"action":"IDE_DEACTIVATED"}
{"ts":1663171977443,"action":"IDE_ACTIVATED"}
{"ts":1663171986679,"action":"IDE_DEACTIVATED"}
{"ts":1663171989291,"action":"IDE_ACTIVATED"}
{"ts":1663171991932,"action":"IDE_DEACTIVATED"}
{"ts":1663172028277,"action":"IDE_ACTIVATED"}
{"ts":1663172036032,"action":"IDE_DEACTIVATED"}
{"ts":1663172100145,"action":"IDE_ACTIVATED"}
{"ts":1663172102601,"action":"IDE_DEACTIVATED"}
{"ts":1663172104013,"action":"IDE_ACTIVATED"}
{"ts":1663172117710,"action":"IDE_DEACTIVATED"}
{"ts":1663172120156,"action":"IDE_ACTIVATED"}
{"ts":1663172126921,"action":"IDE_DEACTIVATED"}
{"ts":1663172180315,"action":"IDE_ACTIVATED"}
{"ts":1663172193009,"action":"IDE_DEACTIVATED"}
{"ts":1663172196878,"action":"IDE_ACTIVATED"}
{"ts":1663172197456,"action":"IDE_DEACTIVATED"}
{"ts":1663172206539,"action":"IDE_ACTIVATED"}
{"ts":1663172206968,"action":"IDE_DEACTIVATED"}
{"ts":1663172209328,"action":"IDE_ACTIVATED"}
{"ts":1663172216895,"action":"IDE_DEACTIVATED"}
{"ts":1663172217858,"action":"IDE_ACTIVATED"}
{"ts":1663172218550,"action":"IDE_DEACTIVATED"}
{"ts":1663172219419,"action":"IDE_ACTIVATED"}
{"ts":1663172242024,"action":"IDE_DEACTIVATED"}
{"ts":1663172243069,"action":"IDE_ACTIVATED"}
{"ts":1663172247212,"action":"IDE_DEACTIVATED"}
{"ts":1663172249093,"action":"IDE_ACTIVATED"}
{"ts":1663172252000,"action":"IDE_DEACTIVATED"}
{"ts":1663172252897,"action":"IDE_ACTIVATED"}
{"ts":1663172257110,"action":"IDE_DEACTIVATED"}
{"ts":1663172258234,"action":"IDE_ACTIVATED"}
{"ts":1663172264903,"action":"IDE_DEACTIVATED"}
{"ts":1663172266474,"action":"IDE_ACTIVATED"}
{"ts":1663172273018,"action":"IDE_DEACTIVATED"}
{"ts":1663172274030,"action":"IDE_ACTIVATED"}
{"ts":1663172275754,"action":"IDE_DEACTIVATED"}
{"ts":1663172278947,"action":"IDE_ACTIVATED"}
{"ts":1663172284152,"action":"IDE_DEACTIVATED"}
{"ts":1663172285071,"action":"IDE_ACTIVATED"}
{"ts":1663172324664,"action":"IDE_DEACTIVATED"}
{"ts":1663172330350,"action":"IDE_ACTIVATED"}
{"ts":1663172351840,"action":"IDE_DEACTIVATED"}
{"ts":1663172358915,"action":"IDE_ACTIVATED"}
{"ts":1663172394888,"action":"IDE_DEACTIVATED"}
{"ts":1663172411078,"action":"IDE_ACTIVATED"}
{"ts":1663172452096,"action":"IDE_DEACTIVATED"}
{"ts":1663172454284,"action":"IDE_ACTIVATED"}
{"ts":1663172602576,"action":"IDE_DEACTIVATED"}
{"ts":1663172603286,"action":"IDE_ACTIVATED"}
{"ts":1663172606826,"action":"IDE_DEACTIVATED"}
{"ts":1663172606978,"action":"IDE_ACTIVATED"}
{"ts":1663172607867,"action":"IDE_DEACTIVATED"}
{"ts":1663172607942,"action":"IDE_ACTIVATED"}
{"ts":1663172630547,"action":"IDE_DEACTIVATED"}
{"ts":1663172636044,"action":"IDE_ACTIVATED"}
{"ts":1663172643016,"action":"IDE_DEACTIVATED"}
{"ts":1663172643501,"action":"IDE_ACTIVATED"}
{"ts":1663172652834,"action":"IDE_DEACTIVATED"}
{"ts":1663172655699,"action":"IDE_ACTIVATED"}
{"ts":1663172672625,"action":"IDE_DEACTIVATED"}
{"ts":1663172675420,"action":"IDE_ACTIVATED"}
{"ts":1663172687800,"action":"IDE_DEACTIVATED"}
{"ts":1663172689723,"action":"IDE_ACTIVATED"}
{"ts":1663172759914,"action":"IDE_DEACTIVATED"}
{"ts":1663172760586,"action":"IDE_ACTIVATED"}
{"ts":1663172761728,"action":"IDE_DEACTIVATED"}
{"ts":1663172767978,"action":"IDE_ACTIVATED"}
{"ts":1663172768376,"action":"IDE_DEACTIVATED"}
{"ts":1663172771127,"action":"IDE_ACTIVATED"}
{"ts":1663172774849,"action":"IDE_DEACTIVATED"}
{"ts":1663172787723,"action":"IDE_ACTIVATED"}
{"ts":1663172811457,"action":"IDE_DEACTIVATED"}
{"ts":1663172812584,"action":"IDE_ACTIVATED"}
{"ts":1663172832745,"action":"IDE_DEACTIVATED"}
{"ts":1663172833013,"action":"IDE_ACTIVATED"}
{"ts":1663172840265,"action":"IDE_DEACTIVATED"}
{"ts":1663172840394,"action":"IDE_ACTIVATED"}
{"ts":1663172843616,"action":"IDE_DEACTIVATED"}
{"ts":1663172843740,"action":"IDE_ACTIVATED"}
{"ts":1663172865315,"action":"IDE_DEACTIVATED"}
{"ts":1663172865550,"action":"IDE_ACTIVATED"}
{"ts":1663172868002,"action":"IDE_DEACTIVATED"}
{"ts":1663172868101,"action":"IDE_ACTIVATED"}
{"ts":1663172907259,"action":"IDE_DEACTIVATED"}
{"ts":1663172908085,"action":"IDE_ACTIVATED"}
{"ts":1663172960067,"action":"IDE_DEACTIVATED"}
{"ts":1663172960620,"action":"IDE_ACTIVATED"}
{"ts":1663172970920,"action":"IDE_DEACTIVATED"}
{"ts":1663172971099,"action":"IDE_ACTIVATED"}
{"ts":1663172977025,"action":"IDE_DEACTIVATED"}
{"ts":1663172977181,"action":"IDE_ACTIVATED"}
{"ts":1663173004421,"action":"IDE_DEACTIVATED"}
{"ts":1663173004593,"action":"IDE_ACTIVATED"}
{"ts":1663173009808,"action":"IDE_DEACTIVATED"}
{"ts":1663173009919,"action":"IDE_ACTIVATED"}
{"ts":1663173011313,"action":"IDE_DEACTIVATED"}
{"ts":1663173011467,"action":"IDE_ACTIVATED"}
{"ts":1663173014360,"action":"IDE_DEACTIVATED"}
{"ts":1663173014525,"action":"IDE_ACTIVATED"}
{"ts":1663173016985,"action":"IDE_DEACTIVATED"}
{"ts":1663173017125,"action":"IDE_ACTIVATED"}
{"ts":1663173023041,"action":"IDE_DEACTIVATED"}
{"ts":1663173023172,"action":"IDE_ACTIVATED"}
{"ts":1663173040984,"action":"IDE_DEACTIVATED"}
{"ts":1663173041118,"action":"IDE_ACTIVATED"}
{"ts":1663173050766,"action":"IDE_DEACTIVATED"}
{"ts":1663173050914,"action":"IDE_ACTIVATED"}
{"ts":1663173053244,"action":"IDE_DEACTIVATED"}
{"ts":1663173053383,"action":"IDE_ACTIVATED"}
{"ts":1663173055393,"action":"IDE_DEACTIVATED"}
{"ts":1663173055570,"action":"IDE_ACTIVATED"}
{"ts":1663173247562,"action":"IDE_DEACTIVATED"}
{"ts":1663173247718,"action":"IDE_ACTIVATED"}
{"ts":1663173264704,"action":"IDE_DEACTIVATED"}
{"ts":1663173264936,"action":"IDE_ACTIVATED"}
{"ts":1663173269752,"action":"IDE_DEACTIVATED"}
{"ts":1663173269891,"action":"IDE_ACTIVATED"}
{"ts":1663173298113,"action":"IDE_DEACTIVATED"}
{"ts":1663173298275,"action":"IDE_ACTIVATED"}
{"ts":1663173303086,"action":"IDE_DEACTIVATED"}
{"ts":1663173303189,"action":"IDE_ACTIVATED"}
{"ts":1663173358441,"action":"IDE_DEACTIVATED"}
{"ts":1663173358576,"action":"IDE_ACTIVATED"}
{"ts":1663173361289,"action":"IDE_DEACTIVATED"}
{"ts":1663173361444,"action":"IDE_ACTIVATED"}
{"ts":1663173367178,"action":"IDE_DEACTIVATED"}
{"ts":1663173367344,"action":"IDE_ACTIVATED"}
{"ts":1663173370993,"action":"IDE_DEACTIVATED"}
{"ts":1663173371110,"action":"IDE_ACTIVATED"}
{"ts":1663173375825,"action":"IDE_DEACTIVATED"}
{"ts":1663173376080,"action":"IDE_ACTIVATED"}
{"ts":1663173377473,"action":"IDE_DEACTIVATED"}
{"ts":1663173377633,"action":"IDE_ACTIVATED"}
{"ts":1663173379937,"action":"IDE_DEACTIVATED"}
{"ts":1663173380076,"action":"IDE_ACTIVATED"}
{"ts":1663173381680,"action":"IDE_DEACTIVATED"}
{"ts":1663173381812,"action":"IDE_ACTIVATED"}
{"ts":1663173384763,"action":"IDE_DEACTIVATED"}
{"ts":1663173384903,"action":"IDE_ACTIVATED"}
{"ts":1663173387369,"action":"IDE_DEACTIVATED"}
{"ts":1663173387661,"action":"IDE_ACTIVATED"}
{"ts":1663173392581,"action":"IDE_DEACTIVATED"}
{"ts":1663173392723,"action":"IDE_ACTIVATED"}
{"ts":1663173419867,"action":"IDE_DEACTIVATED"}
{"ts":1663173420031,"action":"IDE_ACTIVATED"}
{"ts":1663173446668,"action":"IDE_DEACTIVATED"}
{"ts":1663173446849,"action":"IDE_ACTIVATED"}
{"ts":1663173463562,"action":"IDE_DEACTIVATED"}
{"ts":1663173464964,"action":"IDE_ACTIVATED"}
{"ts":1663173465185,"action":"IDE_DEACTIVATED"}
{"ts":1663173465303,"action":"IDE_ACTIVATED"}
{"ts":1663173468254,"action":"IDE_DEACTIVATED"}
{"ts":1663173468876,"action":"IDE_ACTIVATED"}
{"ts":1663173474953,"action":"IDE_DEACTIVATED"}
{"ts":1663173475086,"action":"IDE_ACTIVATED"}
{"ts":1663173631665,"action":"IDE_DEACTIVATED"}
{"ts":1663173631813,"action":"IDE_ACTIVATED"}
{"ts":1663173637306,"action":"IDE_DEACTIVATED"}
{"ts":1663173637589,"action":"IDE_ACTIVATED"}
{"ts":1663173664617,"action":"IDE_DEACTIVATED"}
{"ts":1663173664776,"action":"IDE_ACTIVATED"}
{"ts":1663173756902,"action":"IDE_DEACTIVATED"}
{"ts":1663173760367,"action":"IDE_ACTIVATED"}
{"ts":1663173866989,"action":"IDE_DEACTIVATED"}
{"ts":1663173867550,"action":"IDE_ACTIVATED"}
{"ts":1663173904986,"action":"IDE_DEACTIVATED"}
{"ts":1663173905524,"action":"IDE_ACTIVATED"}
{"ts":1663173936849,"action":"IDE_DEACTIVATED"}
{"ts":1663173937004,"action":"IDE_ACTIVATED"}
{"ts":1663173941596,"action":"IDE_DEACTIVATED"}
{"ts":1663173941699,"action":"IDE_ACTIVATED"}
{"ts":1663174004386,"action":"IDE_DEACTIVATED"}
{"ts":1663174005169,"action":"IDE_ACTIVATED"}
{"ts":1663174019047,"action":"IDE_DEACTIVATED"}
{"ts":1663174019540,"action":"IDE_ACTIVATED"}
{"ts":1663174029161,"action":"IDE_DEACTIVATED"}
{"ts":1663174029295,"action":"IDE_ACTIVATED"}
{"ts":1663174046778,"action":"IDE_DEACTIVATED"}
{"ts":1663174046929,"action":"IDE_ACTIVATED"}
{"ts":1663174068505,"action":"IDE_DEACTIVATED"}
{"ts":1663174068655,"action":"IDE_ACTIVATED"}
{"ts":1663174070741,"action":"IDE_DEACTIVATED"}
{"ts":1663174070846,"action":"IDE_ACTIVATED"}
{"ts":1663174075202,"action":"IDE_DEACTIVATED"}
{"ts":1663174075353,"action":"IDE_ACTIVATED"}
{"ts":1663174077177,"action":"IDE_DEACTIVATED"}
{"ts":1663174077304,"action":"IDE_ACTIVATED"}
{"ts":1663174081833,"action":"IDE_DEACTIVATED"}
{"ts":1663174081954,"action":"IDE_ACTIVATED"}
{"ts":1663174085634,"action":"IDE_DEACTIVATED"}
{"ts":1663174085797,"action":"IDE_ACTIVATED"}
{"ts":1663174088697,"action":"IDE_DEACTIVATED"}
{"ts":1663174088981,"action":"IDE_ACTIVATED"}
{"ts":1663174092370,"action":"IDE_DEACTIVATED"}
{"ts":1663174092492,"action":"IDE_ACTIVATED"}
{"ts":1663174095535,"action":"IDE_DEACTIVATED"}
{"ts":1663174095674,"action":"IDE_ACTIVATED"}
{"ts":1663174097723,"action":"IDE_DEACTIVATED"}
{"ts":1663174097856,"action":"IDE_ACTIVATED"}
{"ts":1663174172498,"action":"IDE_DEACTIVATED"}
{"ts":1663174172668,"action":"IDE_ACTIVATED"}
{"ts":1663174175394,"action":"IDE_DEACTIVATED"}
{"ts":1663174175532,"action":"IDE_ACTIVATED"}
{"ts":1663174177617,"action":"IDE_DEACTIVATED"}
{"ts":1663174177740,"action":"IDE_ACTIVATED"}
{"ts":1663174181090,"action":"IDE_DEACTIVATED"}
{"ts":1663174181253,"action":"IDE_ACTIVATED"}
{"ts":1663174182601,"action":"IDE_DEACTIVATED"}
{"ts":1663174182764,"action":"IDE_ACTIVATED"}
{"ts":1663174222738,"action":"IDE_DEACTIVATED"}
{"ts":1663174222868,"action":"IDE_ACTIVATED"}
{"ts":1663174232593,"action":"IDE_DEACTIVATED"}
{"ts":1663174232716,"action":"IDE_ACTIVATED"}
{"ts":1663174239079,"action":"IDE_DEACTIVATED"}
{"ts":1663174239208,"action":"IDE_ACTIVATED"}
{"ts":1663174241610,"action":"IDE_DEACTIVATED"}
{"ts":1663174241732,"action":"IDE_ACTIVATED"}
{"ts":1663174279618,"action":"IDE_DEACTIVATED"}
{"ts":1663174279781,"action":"IDE_ACTIVATED"}
{"ts":1663174288234,"action":"IDE_DEACTIVATED"}
{"ts":1663174288397,"action":"IDE_ACTIVATED"}
{"ts":1663174393127,"action":"IDE_DEACTIVATED"}
{"ts":1663174754721,"action":"IDE_ACTIVATED"}
{"ts":1663174758596,"action":"FILE_CLOSED","file":"/src/Main.java","tags":{"FILE_LINE_OF_CODE":"100"}}
{"ts":1663174758624,"action":"PROJECT_CLOSED","tags":{"PROJECT_NAME":"Snake"}}
{"ts":1663775983393,"action":"FILE_OPENED","file":"/src/Main.java","tags":{"FILE_LINE_OF_CODE":"100"}}
{"ts":1663775984873,"action":"PROJECT_OPENED","tags":{"PROJECT_NAME":"Snake"}}
{"ts":1663776030055,"action":"FILE_CLOSED","file":"/src/Main.java","tags":{"FILE_LINE_OF_CODE":"100"}}
{"ts":1663776030104,"action":"PROJECT_CLOSED","tags":{"PROJECT_NAME":"Snake"}}
{"ts":1666445648758,"action":"FILE_OPENED","file":"/src/Main.java","tags":{"FILE_LINE_OF_CODE":"100"}}
{"ts":1666445648897,"action":"PROJECT_OPENED","tags":{"PROJECT_NAME":"Snake"}}
{"ts":1666445670612,"action":"FILE_CLOSED","file":"/src/Main.java","tags":{"FILE_LINE_OF_CODE":"100"}}
{"ts":1666445670612,"action":"FILE_OPENED","file":"/src/Input.java","tags":{"FILE_LINE_OF_CODE":"23"}}
{"ts":1666445684008,"action":"FILE_CLOSED","file":"/src/Input.java","tags":{"FILE_LINE_OF_CODE":"23"}}
{"ts":1666445684008,"action":"FILE_OPENED","file":"/src/Main.java","tags":{"FILE_LINE_OF_CODE":"100"}}
{"ts":1666446116416,"action":"FILE_CLOSED","file":"/src/Main.java","tags":{"FILE_LINE_OF_CODE":"103"}}
{"ts":1666446116416,"action":"FILE_OPENED","file":"/src/Input.java","tags":{"FILE_LINE_OF_CODE":"23"}}
{"ts":1666446117168,"action":"FILE_CLOSED","file":"/src/Input.java","tags":{"FILE_LINE_OF_CODE":"23"}}
{"ts":1666446117168,"action":"FILE_OPENED","file":"/src/Apple.java","tags":{"FILE_LINE_OF_CODE":"51"}}
{"ts":1666446117873,"action":"FILE_CLOSED","file":"/src/Apple.java","tags":{"FILE_LINE_OF_CODE":"51"}}
{"ts":1666446117873,"action":"FILE_OPENED","file":"/src/Snake.java","tags":{"FILE_LINE_OF_CODE":"64"}}
{"ts":1666446124779,"action":"FILE_CLOSED","file":"/src/Snake.java","tags":{"FILE_LINE_OF_CODE":"64"}}
{"ts":1666446124779,"action":"FILE_OPENED","file":"/src/Main.java","tags":{"FILE_LINE_OF_CODE":"103"}}
{"ts":1666446295488,"action":"IDE_DEACTIVATED"}
{"ts":1666446302751,"action":"IDE_ACTIVATED"}
{"ts":1666446607486,"action":"IDE_DEACTIVATED"}
{"ts":1666446613614,"action":"IDE_ACTIVATED"}
{"ts":1666446614432,"action":"IDE_DEACTIVATED"}
{"ts":1666446616740,"action":"IDE_ACTIVATED"}
{"ts":1666446617986,"action":"IDE_DEACTIVATED"}
{"ts":1666446624387,"action":"IDE_ACTIVATED"}
{"ts":1666446624475,"action":"IDE_DEACTIVATED"}
{"ts":1666446711847,"action":"IDE_ACTIVATED"}
{"ts":1666446716357,"action":"IDE_DEACTIVATED"}
{"ts":1666446727946,"action":"IDE_ACTIVATED"}
{"ts":1666446730076,"action":"IDE_DEACTIVATED"}
{"ts":1666446731853,"action":"IDE_ACTIVATED"}
{"ts":1666446738160,"action":"IDE_DEACTIVATED"}
{"ts":1666446775075,"action":"IDE_ACTIVATED"}
{"ts":1666446811234,"action":"IDE_DEACTIVATED"}
{"ts":1666446812128,"action":"IDE_ACTIVATED"}
{"ts":1666446846258,"action":"IDE_DEACTIVATED"}
{"ts":1666446863951,"action":"IDE_ACTIVATED"}
{"ts":1666446867680,"action":"IDE_DEACTIVATED"}
{"ts":1666446868927,"action":"IDE_ACTIVATED"}
{"ts":1666446870099,"action":"IDE_DEACTIVATED"}
{"ts":1666446870852,"action":"IDE_ACTIVATED"}
{"ts":1666446872955,"action":"IDE_DEACTIVATED"}
{"ts":1666446880679,"action":"IDE_ACTIVATED"}
{"ts":1666446880792,"action":"IDE_DEACTIVATED"}
{"ts":1666446980684,"action":"IDE_ACTIVATED"}
{"ts":1666446993430,"action":"IDE_DEACTIVATED"}
{"ts":1666447150869,"action":"IDE_ACTIVATED"}
{"ts":1666447152066,"action":"IDE_DEACTIVATED"}
{"ts":1666447447413,"action":"IDE_ACTIVATED"}
{"ts":1666447453536,"action":"IDE_DEACTIVATED"}
{"ts":1666447477396,"action":"IDE_ACTIVATED"}
{"ts":1666447506604,"action":"IDE_DEACTIVATED"}
{"ts":1666448239077,"action":"IDE_ACTIVATED"}
{"ts":1666448275155,"action":"FILE_CLOSED","file":"/src/Main.java","tags":{"FILE_LINE_OF_CODE":"118"}}
{"ts":1666448275155,"action":"FILE_OPENED","file":"/src/Snake.java","tags":{"FILE_LINE_OF_CODE":"64"}}
{"ts":1666448293883,"action":"IDE_DEACTIVATED"}
{"ts":1666448952384,"action":"IDE_ACTIVATED"}
{"ts":1666448955889,"action":"IDE_DEACTIVATED"}
{"ts":1666448962775,"action":"IDE_ACTIVATED"}
{"ts":1666449007983,"action":"FILE_CLOSED","file":"/src/Snake.java","tags":{"FILE_LINE_OF_CODE":"64"}}
{"ts":1666449007983,"action":"FILE_OPENED","file":"/src/Apple.java","tags":{"FILE_LINE_OF_CODE":"51"}}
{"ts":1666449016941,"action":"FILE_CLOSED","file":"/src/Apple.java","tags":{"FILE_LINE_OF_CODE":"51"}}
{"ts":1666449016941,"action":"FILE_OPENED","file":"/src/Main.java","tags":{"FILE_LINE_OF_CODE":"118"}}
{"ts":1666449061718,"action":"IDE_DEACTIVATED"}
{"ts":1666449087466,"action":"IDE_ACTIVATED"}
{"ts":1666449088641,"action":"IDE_DEACTIVATED"}
{"ts":1666449101507,"action":"IDE_ACTIVATED"}
{"ts":1666449117882,"action":"IDE_DEACTIVATED"}
{"ts":1666449121271,"action":"IDE_ACTIVATED"}
{"ts":1666449152220,"action":"IDE_DEACTIVATED"}
{"ts":1666449242063,"action":"IDE_ACTIVATED"}
{"ts":1666449243244,"action":"IDE_DEACTIVATED"}
{"ts":1666449324847,"action":"IDE_ACTIVATED"}
{"ts":1666449446940,"action":"IDE_DEACTIVATED"}
{"ts":1666449447905,"action":"IDE_ACTIVATED"}
{"ts":1666449448573,"action":"IDE_DEACTIVATED"}
{"ts":1666449681175,"action":"IDE_ACTIVATED"}
{"ts":1666449718852,"action":"IDE_DEACTIVATED"}
{"ts":1666449756244,"action":"IDE_ACTIVATED"}
{"ts":1666449771558,"action":"IDE_DEACTIVATED"}
{"ts":1666449775881,"action":"IDE_ACTIVATED"}
{"ts":1666449778227,"action":"IDE_DEACTIVATED"}
{"ts":1666450307470,"action":"IDE_ACTIVATED"}
{"ts":1666450316346,"action":"IDE_DEACTIVATED"}
{"ts":1666450318010,"action":"IDE_ACTIVATED"}
{"ts":1666450343418,"action":"IDE_DEACTIVATED"}
{"ts":1666450343681,"action":"IDE_ACTIVATED"}
{"ts":1666450344509,"action":"FILE_CLOSED","file":"/src/Main.java","tags":{"FILE_LINE_OF_CODE":"96"}}
{"ts":1666450344556,"action":"PROJECT_CLOSED","tags":{"PROJECT_NAME":"Snake"}}
{"ts":1666802727767,"action":"FILE_OPENED","file":"/src/Main.java","tags":{"FILE_LINE_OF_CODE":"96"}}
{"ts":1666802727939,"action":"PROJECT_OPENED","tags":{"PROJECT_NAME":"Snake"}}
{"ts":1666802744243,"action":"IDE_DEACTIVATED"}
{"ts":1666802757831,"action":"IDE_ACTIVATED"}
{"ts":1666802765852,"action":"FILE_CLOSED","file":"/src/Main.java","tags":{"FILE_LINE_OF_CODE":"96"}}
{"ts":1666802765852,"action":"FILE_OPENED","file":"/src/Snake.java","tags":{"FILE_LINE_OF_CODE":"64"}}
{"ts":1666802826726,"action":"FILE_CLOSED","file":"/src/Snake.java","tags":{"FILE_LINE_OF_CODE":"71"}}
{"ts":1666802826726,"action":"FILE_OPENED","file":"/src/Main.java","tags":{"FILE_LINE_OF_CODE":"96"}}
{"ts":1666802876532,"action":"FILE_CLOSED","file":"/src/Main.java","tags":{"FILE_LINE_OF_CODE":"98"}}
{"ts":1666802876533,"action":"FILE_OPENED","file":"/src/Snake.java","tags":{"FILE_LINE_OF_CODE":"71"}}
{"ts":1666802885588,"action":"FILE_CLOSED","file":"/src/Snake.java","tags":{"FILE_LINE_OF_CODE":"71"}}
{"ts":1666802885588,"action":"FILE_OPENED","file":"/src/Main.java","tags":{"FILE_LINE_OF_CODE":"98"}}
{"ts":1666803153673,"action":"FILE_CLOSED","file":"/src/Main.java","tags":{"FILE_LINE_OF_CODE":"99"}}
{"ts":1666803153673,"action":"FILE_OPENED","file":"/src/Input.java","tags":{"FILE_LINE_OF_CODE":"23"}}
{"ts":1666803169248,"action":"IDE_DEACTIVATED"}
{"ts":1666803180877,"action":"IDE_ACTIVATED"}
{"ts":1666803183823,"action":"IDE_DEACTIVATED"}
{"ts":1666803199312,"action":"IDE_ACTIVATED"}
{"ts":1666803201203,"action":"FILE_CLOSED","file":"/src/Input.java","tags":{"FILE_LINE_OF_CODE":"23"}}
{"ts":1666803201203,"action":"FILE_OPENED","file":"/src/Main.java","tags":{"FILE_LINE_OF_CODE":"99"}}
{"ts":1666803334642,"action":"IDE_DEACTIVATED"}
{"ts":1666803346497,"action":"IDE_ACTIVATED"}
{"ts":1666803364589,"action":"IDE_DEACTIVATED"}
{"ts":1666803373540,"action":"IDE_ACTIVATED"}
{"ts":1666803454881,"action":"IDE_DEACTIVATED"}
{"ts":1666803471388,"action":"IDE_ACTIVATED"}
{"ts":1666803518405,"action":"IDE_DEACTIVATED"}
{"ts":1666803520232,"action":"IDE_ACTIVATED"}
{"ts":1666803532746,"action":"FILE_CLOSED","file":"/src/Main.java","tags":{"FILE_LINE_OF_CODE":"109"}}
{"ts":1666803554979,"action":"FILE_OPENED","file":"/src/Main.java","tags":{"FILE_LINE_OF_CODE":"109"}}
{"ts":1666803560668,"action":"IDE_DEACTIVATED"}
{"ts":1666803565343,"action":"IDE_ACTIVATED"}
{"ts":1666803569183,"action":"IDE_DEACTIVATED"}
{"ts":1666803586204,"action":"IDE_ACTIVATED"}
{"ts":1666803606893,"action":"IDE_DEACTIVATED"}
{"ts":1666803613026,"action":"IDE_ACTIVATED"}
{"ts":1666803620213,"action":"FILE_CLOSED","file":"/src/Main.java","tags":{"FILE_LINE_OF_CODE":"109"}}
{"ts":1666803620213,"action":"FILE_OPENED","file":"/src/Snake.java","tags":{"FILE_LINE_OF_CODE":"71"}}
{"ts":1666803634322,"action":"IDE_DEACTIVATED"}
{"ts":1666803642193,"action":"IDE_ACTIVATED"}
{"ts":1666803668427,"action":"FILE_CLOSED","file":"/src/Snake.java","tags":{"FILE_LINE_OF_CODE":"66"}}
{"ts":1666803668427,"action":"FILE_OPENED","file":"/src/Main.java","tags":{"FILE_LINE_OF_CODE":"109"}}
{"ts":1666803777922,"action":"FILE_CLOSED","file":"/src/Main.java","tags":{"FILE_LINE_OF_CODE":"118"}}
{"ts":1666803777922,"action":"FILE_OPENED","file":"/src/Snake.java","tags":{"FILE_LINE_OF_CODE":"66"}}
{"ts":1666803801874,"action":"FILE_CLOSED","file":"/src/Snake.java","tags":{"FILE_LINE_OF_CODE":"66"}}
{"ts":1666803801874,"action":"FILE_OPENED","file":"/src/Main.java","tags":{"FILE_LINE_OF_CODE":"118"}}
{"ts":1666803809991,"action":"FILE_CLOSED","file":"/src/Main.java","tags":{"FILE_LINE_OF_CODE":"118"}}
{"ts":1666803809991,"action":"FILE_OPENED","file":"/src/Snake.java","tags":{"FILE_LINE_OF_CODE":"66"}}
{"ts":1666803822744,"action":"FILE_CLOSED","file":"/src/Snake.java","tags":{"FILE_LINE_OF_CODE":"66"}}
{"ts":1666803822744,"action":"FILE_OPENED","file":"/src/Main.java","tags":{"FILE_LINE_OF_CODE":"118"}}
{"ts":1666803839144,"action":"FILE_CLOSED","file":"/src/Main.java","tags":{"FILE_LINE_OF_CODE":"118"}}
{"ts":1666803839144,"action":"FILE_OPENED","file":"/src/Snake.java","tags":{"FILE_LINE_OF_CODE":"66"}}
{"ts":1666803930765,"action":"FILE_CLOSED","file":"/src/Snake.java","tags":{"FILE_LINE_OF_CODE":"68"}}
{"ts":1666803930765,"action":"FILE_OPENED","file":"/src/Main.java","tags":{"FILE_LINE_OF_CODE":"118"}}
{"ts":1666803994183,"action":"IDE_DEACTIVATED"}
{"ts":1666804018587,"action":"IDE_ACTIVATED"}
{"ts":1666804024108,"action":"FILE_CLOSED","file":"/src/Main.java","tags":{"FILE_LINE_OF_CODE":"118"}}
{"ts":1666804024108,"action":"FILE_OPENED","file":"/src/Apple.java","tags":{"FILE_LINE_OF_CODE":"51"}}
{"ts":1666804045081,"action":"FILE_CLOSED","file":"/src/Apple.java","tags":{"FILE_LINE_OF_CODE":"42"}}
{"ts":1666804045081,"action":"FILE_OPENED","file":"/src/Main.java","tags":{"FILE_LINE_OF_CODE":"118"}}
{"ts":1666804060996,"action":"FILE_CLOSED","file":"/src/Main.java","tags":{"FILE_LINE_OF_CODE":"125"}}
{"ts":1666804060996,"action":"FILE_OPENED","file":"/src/Apple.java","tags":{"FILE_LINE_OF_CODE":"42"}}
{"ts":1666804073239,"action":"FILE_CLOSED","file":"/src/Apple.java","tags":{"FILE_LINE_OF_CODE":"42"}}
{"ts":1666804073239,"action":"FILE_OPENED","file":"/src/Main.java","tags":{"FILE_LINE_OF_CODE":"125"}}
{"ts":1666804145526,"action":"FILE_CLOSED","file":"/src/Main.java","tags":{"FILE_LINE_OF_CODE":"125"}}
{"ts":1666804145526,"action":"FILE_OPENED","file":"/src/Apple.java","tags":{"FILE_LINE_OF_CODE":"42"}}
{"ts":1666804204991,"action":"FILE_CLOSED","file":"/src/Apple.java","tags":{"FILE_LINE_OF_CODE":"43"}}
{"ts":1666804204991,"action":"FILE_OPENED","file":"/src/Main.java","tags":{"FILE_LINE_OF_CODE":"125"}}
{"ts":1666804219479,"action":"FILE_CLOSED","file":"/src/Main.java","tags":{"FILE_LINE_OF_CODE":"125"}}
{"ts":1666804219479,"action":"FILE_OPENED","file":"/src/Apple.java","tags":{"FILE_LINE_OF_CODE":"43"}}
{"ts":1666804280282,"action":"FILE_CLOSED","file":"/src/Apple.java","tags":{"FILE_LINE_OF_CODE":"43"}}
{"ts":1666804280282,"action":"FILE_OPENED","file":"/src/Main.java","tags":{"FILE_LINE_OF_CODE":"125"}}
{"ts":1666804284937,"action":"FILE_CLOSED","file":"/src/Main.java","tags":{"FILE_LINE_OF_CODE":"125"}}
{"ts":1666804284937,"action":"FILE_OPENED","file":"/src/Apple.java","tags":{"FILE_LINE_OF_CODE":"43"}}
{"ts":1666804305686,"action":"FILE_CLOSED","file":"/src/Apple.java","tags":{"FILE_LINE_OF_CODE":"43"}}
{"ts":1666804305686,"action":"FILE_OPENED","file":"/src/Main.java","tags":{"FILE_LINE_OF_CODE":"125"}}
{"ts":1666804309856,"action":"IDE_DEACTIVATED"}
{"ts":1666804316790,"action":"IDE_ACTIVATED"}
{"ts":1666804316795,"action":"FILE_CLOSED","file":"/src/Main.java","tags":{"FILE_LINE_OF_CODE":"125"}}
{"ts":1666804316795,"action":"FILE_OPENED","file":"/src/Apple.java","tags":{"FILE_LINE_OF_CODE":"43"}}
{"ts":1666804346848,"action":"FILE_CLOSED","file":"/src/Apple.java","tags":{"FILE_LINE_OF_CODE":"43"}}
{"ts":1666804346848,"action":"FILE_OPENED","file":"/src/Main.java","tags":{"FILE_LINE_OF_CODE":"125"}}
{"ts":1666804365285,"action":"IDE_DEACTIVATED"}
{"ts":1666804385182,"action":"IDE_ACTIVATED"}
{"ts":1666804401397,"action":"IDE_DEACTIVATED"}
{"ts":1666804428462,"action":"IDE_ACTIVATED"}
{"ts":1666804429514,"action":"IDE_DEACTIVATED"}
{"ts":1666804480004,"action":"IDE_ACTIVATED"}
{"ts":1666804502092,"action":"IDE_DEACTIVATED"}
{"ts":1666804513397,"action":"IDE_ACTIVATED"}
{"ts":1666804570012,"action":"FILE_CLOSED","file":"/src/Main.java","tags":{"FILE_LINE_OF_CODE":"124"}}
{"ts":1666804570012,"action":"FILE_OPENED","file":"/src/Apple.java","tags":{"FILE_LINE_OF_CODE":"43"}}
{"ts":1666804576584,"action":"FILE_CLOSED","file":"/src/Apple.java","tags":{"FILE_LINE_OF_CODE":"43"}}
{"ts":1666804576584,"action":"FILE_OPENED","file":"/src/Main.java","tags":{"FILE_LINE_OF_CODE":"124"}}
{"ts":1666804648468,"action":"IDE_DEACTIVATED"}
{"ts":1666804655673,"action":"IDE_ACTIVATED"}
{"ts":1666804677305,"action":"IDE_DEACTIVATED"}
{"ts":1666804689294,"action":"IDE_ACTIVATED"}
{"ts":1666804706134,"action":"IDE_DEACTIVATED"}
{"ts":1666804844680,"action":"IDE_ACTIVATED"}
{"ts":1666804852888,"action":"IDE_DEACTIVATED"}
{"ts":1666804871091,"action":"IDE_ACTIVATED"}
{"ts":1666804882497,"action":"IDE_DEACTIVATED"}
{"ts":1666804885230,"action":"IDE_ACTIVATED"}
{"ts":1666805039640,"action":"IDE_DEACTIVATED"}
{"ts":1666805059357,"action":"IDE_ACTIVATED"}
{"ts":1666805159090,"action":"IDE_DEACTIVATED"}
{"ts":1666805163258,"action":"IDE_ACTIVATED"}
{"ts":1666805186630,"action":"IDE_DEACTIVATED"}
{"ts":1666805190338,"action":"IDE_ACTIVATED"}
{"ts":1666805204445,"action":"IDE_DEACTIVATED"}
{"ts":1666805208749,"action":"IDE_ACTIVATED"}
{"ts":1666805223861,"action":"IDE_DEACTIVATED"}
{"ts":1666805231379,"action":"IDE_ACTIVATED"}
{"ts":1666805258126,"action":"FILE_CLOSED","file":"/src/Main.java","tags":{"FILE_LINE_OF_CODE":"124"}}
{"ts":1666805258126,"action":"FILE_OPENED","file":"/src/Snake.java","tags":{"FILE_LINE_OF_CODE":"68"}}
{"ts":1666805275079,"action":"FILE_CLOSED","file":"/src/Snake.java","tags":{"FILE_LINE_OF_CODE":"66"}}
{"ts":1666805275079,"action":"FILE_OPENED","file":"/src/Input.java","tags":{"FILE_LINE_OF_CODE":"23"}}
{"ts":1666805276794,"action":"FILE_CLOSED","file":"/src/Input.java","tags":{"FILE_LINE_OF_CODE":"23"}}
{"ts":1666805276794,"action":"FILE_OPENED","file":"/src/Apple.java","tags":{"FILE_LINE_OF_CODE":"43"}}
{"ts":1666805286331,"action":"FILE_CLOSED","file":"/src/Apple.java","tags":{"FILE_LINE_OF_CODE":"43"}}
{"ts":1666805286331,"action":"FILE_OPENED","file":"/src/Snake.java","tags":{"FILE_LINE_OF_CODE":"66"}}
{"ts":1666805299098,"action":"FILE_CLOSED","file":"/src/Snake.java","tags":{"FILE_LINE_OF_CODE":"63"}}
{"ts":1666805299098,"action":"FILE_OPENED","file":"/src/Apple.java","tags":{"FILE_LINE_OF_CODE":"43"}}
{"ts":1666805313944,"action":"FILE_CLOSED","file":"/src/Apple.java","tags":{"FILE_LINE_OF_CODE":"43"}}
{"ts":1666805313944,"action":"FILE_OPENED","file":"/src/Main.java","tags":{"FILE_LINE_OF_CODE":"127"}}
{"ts":1666805329345,"action":"FILE_CLOSED","file":"/src/Main.java","tags":{"FILE_LINE_OF_CODE":"124"}}
{"ts":1666805329345,"action":"FILE_OPENED","file":"/src/Input.java","tags":{"FILE_LINE_OF_CODE":"23"}}
{"ts":1666805331290,"action":"FILE_CLOSED","file":"/src/Input.java","tags":{"FILE_LINE_OF_CODE":"23"}}
{"ts":1666805331290,"action":"FILE_OPENED","file":"/src/Apple.java","tags":{"FILE_LINE_OF_CODE":"43"}}
{"ts":1666805380745,"action":"FILE_CLOSED","file":"/src/Apple.java","tags":{"FILE_LINE_OF_CODE":"42"}}
{"ts":1666805380745,"action":"FILE_OPENED","file":"/src/Main.java","tags":{"FILE_LINE_OF_CODE":"124"}}
{"ts":1666805533898,"action":"IDE_DEACTIVATED"}
{"ts":1666805535216,"action":"IDE_ACTIVATED"}
{"ts":1666805542000,"action":"IDE_DEACTIVATED"}
{"ts":1666805543651,"action":"IDE_ACTIVATED"}
{"ts":1666805544907,"action":"IDE_DEACTIVATED"}
{"ts":1666805574675,"action":"IDE_ACTIVATED"}
{"ts":1666805609910,"action":"FILE_CLOSED","file":"/src/Main.java","tags":{"FILE_LINE_OF_CODE":"126"}}
{"ts":1666805609910,"action":"FILE_OPENED","file":"/src/Apple.java","tags":{"FILE_LINE_OF_CODE":"42"}}
{"ts":1666805628019,"action":"FILE_CLOSED","file":"/src/Apple.java","tags":{"FILE_LINE_OF_CODE":"43"}}
{"ts":1666805628019,"action":"FILE_OPENED","file":"/src/Main.java","tags":{"FILE_LINE_OF_CODE":"126"}}
{"ts":1666805631167,"action":"FILE_CLOSED","file":"/src/Main.java","tags":{"FILE_LINE_OF_CODE":"126"}}
{"ts":1666805631167,"action":"FILE_OPENED","file":"/src/Snake.java","tags":{"FILE_LINE_OF_CODE":"63"}}
{"ts":1666805658640,"action":"IDE_DEACTIVATED"}
{"ts":1666805725813,"action":"IDE_ACTIVATED"}
{"ts":1666805731675,"action":"FILE_CLOSED","file":"/src/Snake.java","tags":{"FILE_LINE_OF_CODE":"68"}}
{"ts":1666805731675,"action":"FILE_OPENED","file":"/src/Main.java","tags":{"FILE_LINE_OF_CODE":"126"}}
{"ts":1666805764613,"action":"IDE_DEACTIVATED"}
{"ts":1666805797458,"action":"IDE_ACTIVATED"}
{"ts":1666805826054,"action":"IDE_DEACTIVATED"}
{"ts":1666805831694,"action":"IDE_ACTIVATED"}
{"ts":1666805848216,"action":"FILE_CLOSED","file":"/src/Main.java","tags":{"FILE_LINE_OF_CODE":"126"}}
{"ts":1666805848216,"action":"FILE_OPENED","file":"/src/Input.java","tags":{"FILE_LINE_OF_CODE":"23"}}
{"ts":1666805849398,"action":"FILE_CLOSED","file":"/src/Input.java","tags":{"FILE_LINE_OF_CODE":"23"}}
{"ts":1666805849398,"action":"FILE_OPENED","file":"/src/Apple.java","tags":{"FILE_LINE_OF_CODE":"43"}}
{"ts":1666805946284,"action":"IDE_DEACTIVATED"}
{"ts":1666806055383,"action":"IDE_ACTIVATED"}
{"ts":1666806059798,"action":"IDE_DEACTIVATED"}
{"ts":1666808711499,"action":"IDE_ACTIVATED"}
{"ts":1666808729946,"action":"IDE_DEACTIVATED"}
{"ts":1666808732725,"action":"IDE_ACTIVATED"}
{"ts":1666808752849,"action":"FILE_CLOSED","file":"/src/Apple.java","tags":{"FILE_LINE_OF_CODE":"42"}}
{"ts":1666808752849,"action":"FILE_OPENED","file":"/src/Snake.java","tags":{"FILE_LINE_OF_CODE":"68"}}
{"ts":1666808755485,"action":"FILE_CLOSED","file":"/src/Snake.java","tags":{"FILE_LINE_OF_CODE":"68"}}
{"ts":1666808755485,"action":"FILE_OPENED","file":"/src/Main.java","tags":{"FILE_LINE_OF_CODE":"126"}}
{"ts":1666808880923,"action":"IDE_DEACTIVATED"}
{"ts":1666808981092,"action":"IDE_ACTIVATED"}
{"ts":1666808991011,"action":"FILE_CLOSED","file":"/src/Main.java","tags":{"FILE_LINE_OF_CODE":"129"}}
{"ts":1666808991011,"action":"FILE_OPENED","file":"/src/Snake.java","tags":{"FILE_LINE_OF_CODE":"68"}}
{"ts":1666809039002,"action":"FILE_CLOSED","file":"/src/Snake.java","tags":{"FILE_LINE_OF_CODE":"70"}}
{"ts":1666809039002,"action":"FILE_OPENED","file":"/src/Main.java","tags":{"FILE_LINE_OF_CODE":"129"}}
{"ts":1666809159335,"action":"FILE_CLOSED","file":"/src/Main.java","tags":{"FILE_LINE_OF_CODE":"129"}}
{"ts":1666809159335,"action":"FILE_OPENED","file":"/src/Snake.java","tags":{"FILE_LINE_OF_CODE":"70"}}
{"ts":1666809170169,"action":"FILE_CLOSED","file":"/src/Snake.java","tags":{"FILE_LINE_OF_CODE":"68"}}
{"ts":1666809170169,"action":"FILE_OPENED","file":"/src/Main.java","tags":{"FILE_LINE_OF_CODE":"129"}}
{"ts":1666809315053,"action":"FILE_CLOSED","file":"/src/Main.java","tags":{"FILE_LINE_OF_CODE":"133"}}
{"ts":1666809315053,"action":"FILE_OPENED","file":"/src/Apple.java","tags":{"FILE_LINE_OF_CODE":"42"}}
{"ts":1666809321947,"action":"FILE_CLOSED","file":"/src/Apple.java","tags":{"FILE_LINE_OF_CODE":"42"}}
{"ts":1666809321947,"action":"FILE_OPENED","file":"/src/Snake.java","tags":{"FILE_LINE_OF_CODE":"68"}}
{"ts":1666809322803,"action":"FILE_CLOSED","file":"/src/Snake.java","tags":{"FILE_LINE_OF_CODE":"68"}}
{"ts":1666809322804,"action":"FILE_OPENED","file":"/src/Main.java","tags":{"FILE_LINE_OF_CODE":"133"}}
{"ts":1666809356096,"action":"FILE_CLOSED","file":"/src/Main.java","tags":{"FILE_LINE_OF_CODE":"133"}}
{"ts":1666809356096,"action":"FILE_OPENED","file":"/src/Snake.java","tags":{"FILE_LINE_OF_CODE":"68"}}
{"ts":1666809365597,"action":"FILE_CLOSED","file":"/src/Snake.java","tags":{"FILE_LINE_OF_CODE":"68"}}
{"ts":1666809365597,"action":"FILE_OPENED","file":"/src/Main.java","tags":{"FILE_LINE_OF_CODE":"133"}}
{"ts":1666809403863,"action":"IDE_DEACTIVATED"}
{"ts":1666809447703,"action":"IDE_ACTIVATED"}
{"ts":1666809464188,"action":"IDE_DEACTIVATED"}
{"ts":1666809510524,"action":"IDE_ACTIVATED"}
{"ts":1666809547725,"action":"IDE_DEACTIVATED"}
{"ts":1666809552118,"action":"IDE_ACTIVATED"}
{"ts":1666809575827,"action":"IDE_DEACTIVATED"}
{"ts":1666809587892,"action":"IDE_ACTIVATED"}
{"ts":1666809601942,"action":"IDE_DEACTIVATED"}
{"ts":1666809616315,"action":"IDE_ACTIVATED"}
{"ts":1666809750751,"action":"FILE_CLOSED","file":"/src/Main.java","tags":{"FILE_LINE_OF_CODE":"126"}}
{"ts":1666809750751,"action":"FILE_OPENED","file":"/src/Snake.java","tags":{"FILE_LINE_OF_CODE":"68"}}
{"ts":1666809894276,"action":"FILE_CLOSED","file":"/src/Snake.java","tags":{"FILE_LINE_OF_CODE":"80"}}
{"ts":1666809894276,"action":"FILE_OPENED","file":"/src/Main.java","tags":{"FILE_LINE_OF_CODE":"126"}}
{"ts":1666809911251,"action":"FILE_CLOSED","file":"/src/Main.java","tags":{"FILE_LINE_OF_CODE":"126"}}
{"ts":1666809911251,"action":"FILE_OPENED","file":"/src/Snake.java","tags":{"FILE_LINE_OF_CODE":"80"}}
{"ts":1666809968789,"action":"IDE_DEACTIVATED"}
{"ts":1666810030616,"action":"IDE_ACTIVATED"}
{"ts":1666810055783,"action":"IDE_DEACTIVATED"}
{"ts":1666810061756,"action":"IDE_ACTIVATED"}
{"ts":1666810109501,"action":"IDE_DEACTIVATED"}
{"ts":1666810118109,"action":"IDE_ACTIVATED"}
{"ts":1666810122973,"action":"IDE_DEACTIVATED"}
{"ts":1666810126772,"action":"IDE_ACTIVATED"}
{"ts":1666810161307,"action":"IDE_DEACTIVATED"}
{"ts":1666810219130,"action":"IDE_ACTIVATED"}
{"ts":1666810225536,"action":"IDE_DEACTIVATED"}
{"ts":1666810232256,"action":"IDE_ACTIVATED"}
{"ts":1666810234907,"action":"IDE_DEACTIVATED"}
{"ts":1666810236025,"action":"IDE_ACTIVATED"}
{"ts":1666810250400,"action":"IDE_DEACTIVATED"}
{"ts":1666810253274,"action":"IDE_ACTIVATED"}
{"ts":1666810262080,"action":"FILE_CLOSED","file":"/src/Snake.java","tags":{"FILE_LINE_OF_CODE":"79"}}
{"ts":1666810262080,"action":"FILE_OPENED","file":"/src/Main.java","tags":{"FILE_LINE_OF_CODE":"126"}}
{"ts":1666810337681,"action":"FILE_CLOSED","file":"/src/Main.java","tags":{"FILE_LINE_OF_CODE":"126"}}
{"ts":1666810337681,"action":"FILE_OPENED","file":"/src/Snake.java","tags":{"FILE_LINE_OF_CODE":"79"}}
{"ts":1666810344215,"action":"IDE_DEACTIVATED"}
{"ts":1666810346529,"action":"FILE_CLOSED","file":"/src/Snake.java","tags":{"FILE_LINE_OF_CODE":"79"}}
{"ts":1666810346529,"action":"FILE_OPENED","file":"/src/Main.java","tags":{"FILE_LINE_OF_CODE":"126"}}
{"ts":1666810346613,"action":"IDE_ACTIVATED"}
{"ts":1666810376383,"action":"IDE_DEACTIVATED"}
{"ts":1666810377806,"action":"IDE_ACTIVATED"}
{"ts":1666810395136,"action":"IDE_DEACTIVATED"}
{"ts":1666810400237,"action":"IDE_ACTIVATED"}
{"ts":1666810409169,"action":"IDE_DEACTIVATED"}
{"ts":1666810410918,"action":"IDE_ACTIVATED"}
{"ts":1666810419266,"action":"IDE_DEACTIVATED"}
{"ts":1666810421115,"action":"IDE_ACTIVATED"}
{"ts":1666810421153,"action":"FILE_CLOSED","file":"/src/Main.java","tags":{"FILE_LINE_OF_CODE":"126"}}
{"ts":1666810421153,"action":"FILE_OPENED","file":"/src/Snake.java","tags":{"FILE_LINE_OF_CODE":"79"}}
{"ts":1666810421302,"action":"FILE_CLOSED","file":"/src/Snake.java","tags":{"FILE_LINE_OF_CODE":"79"}}
{"ts":1666810421302,"action":"FILE_OPENED","file":"/src/Main.java","tags":{"FILE_LINE_OF_CODE":"126"}}
{"ts":1666810421359,"action":"FILE_CLOSED","file":"/src/Main.java","tags":{"FILE_LINE_OF_CODE":"126"}}
{"ts":1666810421359,"action":"FILE_OPENED","file":"/src/Snake.java","tags":{"FILE_LINE_OF_CODE":"79"}}
{"ts":1666810421369,"action":"FILE_CLOSED","file":"/src/Snake.java","tags":{"FILE_LINE_OF_CODE":"79"}}
{"ts":1666810421369,"action":"FILE_OPENED","file":"/src/Main.java","tags":{"FILE_LINE_OF_CODE":"126"}}
{"ts":1666810421371,"action":"FILE_CLOSED","file":"/src/Main.java","tags":{"FILE_LINE_OF_CODE":"126"}}
{"ts":1666810421371,"action":"FILE_OPENED","file":"/src/Snake.java","tags":{"FILE_LINE_OF_CODE":"79"}}
{"ts":1666810427661,"action":"FILE_CLOSED","file":"/src/Snake.java","tags":{"FILE_LINE_OF_CODE":"79"}}
{"ts":1666810427661,"action":"FILE_OPENED","file":"/src/Main.java","tags":{"FILE_LINE_OF_CODE":"126"}}
{"ts":1666810427694,"action":"FILE_CLOSED","file":"/src/Main.java","tags":{"FILE_LINE_OF_CODE":"126"}}
{"ts":1666810427694,"action":"FILE_OPENED","file":"/src/Snake.java","tags":{"FILE_LINE_OF_CODE":"79"}}
{"ts":1666810571724,"action":"IDE_DEACTIVATED"}
{"ts":1666810587488,"action":"IDE_ACTIVATED"}
{"ts":1666810808010,"action":"IDE_DEACTIVATED"}
{"ts":1666810820663,"action":"IDE_ACTIVATED"}
{"ts":1666810896820,"action":"FILE_CLOSED","file":"/src/Snake.java","tags":{"FILE_LINE_OF_CODE":"81"}}
{"ts":1666810896820,"action":"FILE_OPENED","file":"/src/Main.java","tags":{"FILE_LINE_OF_CODE":"126"}}
{"ts":1666810949722,"action":"IDE_DEACTIVATED"}
{"ts":1666810958589,"action":"IDE_ACTIVATED"}
{"ts":1666810961092,"action":"IDE_DEACTIVATED"}
{"ts":1666810990236,"action":"IDE_ACTIVATED"}
{"ts":1666810993043,"action":"FILE_CLOSED","file":"/src/Main.java","tags":{"FILE_LINE_OF_CODE":"126"}}
{"ts":1666810993043,"action":"FILE_OPENED","file":"/src/Snake.java","tags":{"FILE_LINE_OF_CODE":"81"}}
{"ts":1666811106415,"action":"IDE_DEACTIVATED"}
{"ts":1666811111415,"action":"IDE_ACTIVATED"}
{"ts":1666811138452,"action":"IDE_DEACTIVATED"}
{"ts":1666811163292,"action":"IDE_ACTIVATED"}
{"ts":1666811164270,"action":"FILE_CLOSED","file":"/src/Snake.java","tags":{"FILE_LINE_OF_CODE":"84"}}
{"ts":1666811164270,"action":"FILE_OPENED","file":"/src/Main.java","tags":{"FILE_LINE_OF_CODE":"126"}}
{"ts":1666811180372,"action":"FILE_CLOSED","file":"/src/Main.java","tags":{"FILE_LINE_OF_CODE":"126"}}
{"ts":1666811180372,"action":"FILE_OPENED","file":"/src/Snake.java","tags":{"FILE_LINE_OF_CODE":"84"}}
{"ts":1666811181306,"action":"FILE_CLOSED","file":"/src/Snake.java","tags":{"FILE_LINE_OF_CODE":"84"}}
{"ts":1666811181306,"action":"FILE_OPENED","file":"/src/Apple.java","tags":{"FILE_LINE_OF_CODE":"42"}}
{"ts":1666811193487,"action":"FILE_CLOSED","file":"/src/Apple.java","tags":{"FILE_LINE_OF_CODE":"42"}}
{"ts":1666811193487,"action":"FILE_OPENED","file":"/src/Main.java","tags":{"FILE_LINE_OF_CODE":"126"}}
{"ts":1666811269905,"action":"IDE_DEACTIVATED"}
{"ts":1666811281348,"action":"IDE_ACTIVATED"}
{"ts":1666811320783,"action":"FILE_CLOSED","file":"/src/Main.java","tags":{"FILE_LINE_OF_CODE":"124"}}
{"ts":1666811320783,"action":"FILE_OPENED","file":"/src/Snake.java","tags":{"FILE_LINE_OF_CODE":"84"}}
{"ts":1666811333142,"action":"FILE_CLOSED","file":"/src/Snake.java","tags":{"FILE_LINE_OF_CODE":"84"}}
{"ts":1666811333142,"action":"FILE_OPENED","file":"/src/Main.java","tags":{"FILE_LINE_OF_CODE":"124"}}
{"ts":1666811356767,"action":"FILE_CLOSED","file":"/src/Main.java","tags":{"FILE_LINE_OF_CODE":"124"}}
{"ts":1666811356767,"action":"FILE_OPENED","file":"/src/Apple.java","tags":{"FILE_LINE_OF_CODE":"42"}}
{"ts":1666811375202,"action":"FILE_CLOSED","file":"/src/Apple.java","tags":{"FILE_LINE_OF_CODE":"42"}}
{"ts":1666811375202,"action":"FILE_OPENED","file":"/src/Main.java","tags":{"FILE_LINE_OF_CODE":"124"}}
{"ts":1666811402969,"action":"FILE_CLOSED","file":"/src/Main.java","tags":{"FILE_LINE_OF_CODE":"124"}}
{"ts":1666811402969,"action":"FILE_OPENED","file":"/src/Apple.java","tags":{"FILE_LINE_OF_CODE":"42"}}
{"ts":1666811420720,"action":"FILE_CLOSED","file":"/src/Apple.java","tags":{"FILE_LINE_OF_CODE":"42"}}
{"ts":1666811420720,"action":"FILE_OPENED","file":"/src/Main.java","tags":{"FILE_LINE_OF_CODE":"124"}}
{"ts":1666811429844,"action":"FILE_CLOSED","file":"/src/Main.java","tags":{"FILE_LINE_OF_CODE":"124"}}
{"ts":1666811429844,"action":"FILE_OPENED","file":"/src/Apple.java","tags":{"FILE_LINE_OF_CODE":"42"}}
{"ts":1666811436364,"action":"IDE_DEACTIVATED"}
{"ts":1666811514749,"action":"IDE_ACTIVATED"}
{"ts":1666811518344,"action":"FILE_CLOSED","file":"/src/Apple.java","tags":{"FILE_LINE_OF_CODE":"42"}}
{"ts":1666811518344,"action":"FILE_OPENED","file":"/src/Main.java","tags":{"FILE_LINE_OF_CODE":"124"}}
{"ts":1666811537799,"action":"FILE_CLOSED","file":"/src/Main.java","tags":{"FILE_LINE_OF_CODE":"122"}}
{"ts":1666811537799,"action":"FILE_OPENED","file":"/src/Apple.java","tags":{"FILE_LINE_OF_CODE":"42"}}
{"ts":1666811550571,"action":"FILE_CLOSED","file":"/src/Apple.java","tags":{"FILE_LINE_OF_CODE":"40"}}
{"ts":1666811550571,"action":"FILE_OPENED","file":"/src/Main.java","tags":{"FILE_LINE_OF_CODE":"122"}}
{"ts":1666811574849,"action":"IDE_DEACTIVATED"}
{"ts":1666811581684,"action":"IDE_ACTIVATED"}
{"ts":1666811582906,"action":"FILE_CLOSED","file":"/src/Main.java","tags":{"FILE_LINE_OF_CODE":"122"}}
{"ts":1666811582906,"action":"FILE_OPENED","file":"/src/Input.java","tags":{"FILE_LINE_OF_CODE":"23"}}
{"ts":1666811712095,"action":"IDE_DEACTIVATED"}
{"ts":1666811728824,"action":"IDE_ACTIVATED"}
{"ts":1666811797605,"action":"IDE_DEACTIVATED"}
{"ts":1666811814378,"action":"IDE_ACTIVATED"}
{"ts":1666811854247,"action":"IDE_DEACTIVATED"}
{"ts":1666812085180,"action":"IDE_ACTIVATED"}
{"ts":1666812086529,"action":"FILE_CLOSED","file":"/src/Input.java","tags":{"FILE_LINE_OF_CODE":"35"}}
{"ts":1666812086529,"action":"FILE_OPENED","file":"/src/Main.java","tags":{"FILE_LINE_OF_CODE":"122"}}
{"ts":1666812114832,"action":"IDE_DEACTIVATED"}
{"ts":1666812121619,"action":"IDE_ACTIVATED"}
{"ts":1666812132503,"action":"IDE_DEACTIVATED"}
{"ts":1666812140800,"action":"IDE_ACTIVATED"}
{"ts":1666812147378,"action":"IDE_DEACTIVATED"}
{"ts":1666812155468,"action":"IDE_ACTIVATED"}
{"ts":1666812163006,"action":"IDE_DEACTIVATED"}
{"ts":1666812170470,"action":"IDE_ACTIVATED"}
{"ts":1666812177528,"action":"IDE_DEACTIVATED"}
{"ts":1666812196545,"action":"IDE_ACTIVATED"}
{"ts":1666812235408,"action":"IDE_DEACTIVATED"}
{"ts":1666812274123,"action":"IDE_ACTIVATED"}
{"ts":1666812277022,"action":"IDE_DEACTIVATED"}
{"ts":1666812315599,"action":"IDE_ACTIVATED"}
{"ts":1666812338731,"action":"IDE_DEACTIVATED"}
{"ts":1666812340442,"action":"IDE_ACTIVATED"}
{"ts":1666812343288,"action":"IDE_DEACTIVATED"}
{"ts":1666812374308,"action":"IDE_ACTIVATED"}
{"ts":1666812374967,"action":"FILE_CLOSED","file":"/src/Main.java","tags":{"FILE_LINE_OF_CODE":"122"}}
{"ts":1666812374967,"action":"FILE_OPENED","file":"/src/Apple.java","tags":{"FILE_LINE_OF_CODE":"40"}}
{"ts":1666812404122,"action":"IDE_DEACTIVATED"}
{"ts":1666812406758,"action":"IDE_ACTIVATED"}
{"ts":1666812421887,"action":"IDE_DEACTIVATED"}
{"ts":1666812438503,"action":"IDE_ACTIVATED"}
{"ts":1666812439731,"action":"FILE_CLOSED","file":"/src/Apple.java","tags":{"FILE_LINE_OF_CODE":"40"}}
{"ts":1666812439731,"action":"FILE_OPENED","file":"/src/Main.java","tags":{"FILE_LINE_OF_CODE":"122"}}
{"ts":1666812454398,"action":"IDE_DEACTIVATED"}
{"ts":1666812465633,"action":"IDE_ACTIVATED"}
{"ts":1666812473060,"action":"IDE_DEACTIVATED"}
{"ts":1666812480966,"action":"IDE_ACTIVATED"}
{"ts":1666812486770,"action":"IDE_DEACTIVATED"}
{"ts":1666812508273,"action":"IDE_ACTIVATED"}
{"ts":1666812539848,"action":"IDE_DEACTIVATED"}
{"ts":1666812547584,"action":"IDE_ACTIVATED"}
{"ts":1666812564284,"action":"IDE_DEACTIVATED"}
{"ts":1666812573594,"action":"IDE_ACTIVATED"}
{"ts":1666812585291,"action":"IDE_DEACTIVATED"}
{"ts":1666812631665,"action":"IDE_ACTIVATED"}
{"ts":1666812740251,"action":"FILE_CLOSED","file":"/src/Main.java","tags":{"FILE_LINE_OF_CODE":"122"}}
{"ts":1666812740251,"action":"FILE_OPENED","file":"/src/Apple.java","tags":{"FILE_LINE_OF_CODE":"40"}}
{"ts":1666812741648,"action":"FILE_CLOSED","file":"/src/Apple.java","tags":{"FILE_LINE_OF_CODE":"40"}}
{"ts":1666812741648,"action":"FILE_OPENED","file":"/src/Input.java","tags":{"FILE_LINE_OF_CODE":"35"}}
{"ts":1666812781599,"action":"IDE_DEACTIVATED"}
{"ts":1666812804623,"action":"IDE_ACTIVATED"}
{"ts":1666812813446,"action":"FILE_CLOSED","file":"/src/Input.java","tags":{"FILE_LINE_OF_CODE":"35"}}
{"ts":1666812813446,"action":"FILE_OPENED","file":"/src/Main.java","tags":{"FILE_LINE_OF_CODE":"122"}}
{"ts":1666812819575,"action":"IDE_DEACTIVATED"}
{"ts":1666812828009,"action":"IDE_ACTIVATED"}
{"ts":1666812865738,"action":"IDE_DEACTIVATED"}
{"ts":1666812872752,"action":"IDE_ACTIVATED"}
{"ts":1666812880369,"action":"IDE_DEACTIVATED"}
{"ts":1666812888416,"action":"IDE_ACTIVATED"}
{"ts":1666812895025,"action":"IDE_DEACTIVATED"}
{"ts":1666812903518,"action":"IDE_ACTIVATED"}
{"ts":1666812909608,"action":"IDE_DEACTIVATED"}
{"ts":1666812916932,"action":"IDE_ACTIVATED"}
{"ts":1666812923297,"action":"IDE_DEACTIVATED"}
{"ts":1666812930961,"action":"IDE_ACTIVATED"}
{"ts":1666812936612,"action":"IDE_DEACTIVATED"}
{"ts":1666812949602,"action":"IDE_ACTIVATED"}
{"ts":1666812956104,"action":"IDE_DEACTIVATED"}
{"ts":1666812965888,"action":"IDE_ACTIVATED"}
{"ts":1666812972688,"action":"IDE_DEACTIVATED"}
{"ts":1666813003648,"action":"IDE_ACTIVATED"}
{"ts":1666813158500,"action":"FILE_CLOSED","file":"/src/Main.java","tags":{"FILE_LINE_OF_CODE":"101"}}
{"ts":1666813158500,"action":"FILE_OPENED","file":"/src/Snake.java","tags":{"FILE_LINE_OF_CODE":"84"}}
{"ts":1666813179081,"action":"IDE_DEACTIVATED"}
{"ts":1666813203657,"action":"IDE_ACTIVATED"}
{"ts":1666813238694,"action":"FILE_CLOSED","file":"/src/Snake.java","tags":{"FILE_LINE_OF_CODE":"78"}}
{"ts":1666813238694,"action":"FILE_OPENED","file":"/src/Main.java","tags":{"FILE_LINE_OF_CODE":"101"}}
{"ts":1666813239951,"action":"FILE_CLOSED","file":"/src/Main.java","tags":{"FILE_LINE_OF_CODE":"101"}}
{"ts":1666813239951,"action":"FILE_OPENED","file":"/src/Snake.java","tags":{"FILE_LINE_OF_CODE":"78"}}
{"ts":1666813284108,"action":"FILE_CLOSED","file":"/src/Snake.java","tags":{"FILE_LINE_OF_CODE":"74"}}
{"ts":1666813284108,"action":"FILE_OPENED","file":"/src/Main.java","tags":{"FILE_LINE_OF_CODE":"101"}}
{"ts":1666813313292,"action":"IDE_DEACTIVATED"}
{"ts":1666813381650,"action":"IDE_ACTIVATED"}
{"ts":1666813503062,"action":"FILE_CLOSED","file":"/src/Main.java","tags":{"FILE_LINE_OF_CODE":"101"}}
{"ts":1666813503062,"action":"FILE_OPENED","file":"/src/Apple.java","tags":{"FILE_LINE_OF_CODE":"40"}}
{"ts":1666813741856,"action":"IDE_DEACTIVATED"}
{"ts":1666813888897,"action":"IDE_ACTIVATED"}
{"ts":1666813931644,"action":"FILE_CLOSED","file":"/src/Apple.java","tags":{"FILE_LINE_OF_CODE":"44"}}
{"ts":1666813931644,"action":"FILE_OPENED","file":"/src/Main.java","tags":{"FILE_LINE_OF_CODE":"101"}}
{"ts":1666813939860,"action":"FILE_CLOSED","file":"/src/Main.java","tags":{"FILE_LINE_OF_CODE":"101"}}
{"ts":1666813939860,"action":"FILE_OPENED","file":"/src/Input.java","tags":{"FILE_LINE_OF_CODE":"35"}}
{"ts":1666813942568,"action":"FILE_CLOSED","file":"/src/Input.java","tags":{"FILE_LINE_OF_CODE":"35"}}
{"ts":1666813942568,"action":"FILE_OPENED","file":"/src/Apple.java","tags":{"FILE_LINE_OF_CODE":"44"}}
{"ts":1666813947008,"action":"FILE_CLOSED","file":"/src/Apple.java","tags":{"FILE_LINE_OF_CODE":"43"}}
{"ts":1666813947008,"action":"FILE_OPENED","file":"/src/Input.java","tags":{"FILE_LINE_OF_CODE":"35"}}
{"ts":1666813976845,"action":"FILE_CLOSED","file":"/src/Input.java","tags":{"FILE_LINE_OF_CODE":"35"}}
{"ts":1666813976845,"action":"FILE_OPENED","file":"/src/Main.java","tags":{"FILE_LINE_OF_CODE":"101"}}
{"ts":1666813995018,"action":"FILE_CLOSED","file":"/src/Main.java","tags":{"FILE_LINE_OF_CODE":"101"}}
{"ts":1666813995018,"action":"FILE_OPENED","file":"/src/Apple.java","tags":{"FILE_LINE_OF_CODE":"43"}}
{"ts":1666814005242,"action":"FILE_CLOSED","file":"/src/Apple.java","tags":{"FILE_LINE_OF_CODE":"43"}}
{"ts":1666814005242,"action":"FILE_OPENED","file":"/src/Main.java","tags":{"FILE_LINE_OF_CODE":"101"}}
{"ts":1666814008796,"action":"FILE_CLOSED","file":"/src/Main.java","tags":{"FILE_LINE_OF_CODE":"101"}}
{"ts":1666814008796,"action":"FILE_OPENED","file":"/src/Apple.java","tags":{"FILE_LINE_OF_CODE":"43"}}
{"ts":1666814011418,"action":"FILE_CLOSED","file":"/src/Apple.java","tags":{"FILE_LINE_OF_CODE":"43"}}
{"ts":1666814011418,"action":"FILE_OPENED","file":"/src/Main.java","tags":{"FILE_LINE_OF_CODE":"101"}}
{"ts":1666814014539,"action":"FILE_CLOSED","file":"/src/Main.java","tags":{"FILE_LINE_OF_CODE":"101"}}
{"ts":1666814014539,"action":"FILE_OPENED","file":"/src/Apple.java","tags":{"FILE_LINE_OF_CODE":"43"}}
{"ts":1666814019009,"action":"FILE_CLOSED","file":"/src/Apple.java","tags":{"FILE_LINE_OF_CODE":"43"}}
{"ts":1666814019009,"action":"FILE_OPENED","file":"/src/Main.java","tags":{"FILE_LINE_OF_CODE":"101"}}
{"ts":1666814233654,"action":"FILE_CLOSED","file":"/src/Main.java","tags":{"FILE_LINE_OF_CODE":"104"}}
{"ts":1666814233654,"action":"FILE_OPENED","file":"/src/Snake.java","tags":{"FILE_LINE_OF_CODE":"74"}}
{"ts":1666814240206,"action":"FILE_CLOSED","file":"/src/Snake.java","tags":{"FILE_LINE_OF_CODE":"74"}}
{"ts":1666814240206,"action":"FILE_OPENED","file":"/src/Main.java","tags":{"FILE_LINE_OF_CODE":"104"}}
{"ts":1666814340119,"action":"FILE_CLOSED","file":"/src/Main.java","tags":{"FILE_LINE_OF_CODE":"100"}}
{"ts":1666814340119,"action":"FILE_OPENED","file":"/src/Apple.java","tags":{"FILE_LINE_OF_CODE":"43"}}
{"ts":1666814348227,"action":"FILE_CLOSED","file":"/src/Apple.java","tags":{"FILE_LINE_OF_CODE":"42"}}
{"ts":1666814348227,"action":"FILE_OPENED","file":"/src/Main.java","tags":{"FILE_LINE_OF_CODE":"100"}}
{"ts":1666814350600,"action":"FILE_CLOSED","file":"/src/Main.java","tags":{"FILE_LINE_OF_CODE":"100"}}
{"ts":1666814350600,"action":"FILE_OPENED","file":"/src/Apple.java","tags":{"FILE_LINE_OF_CODE":"42"}}
{"ts":1666814351182,"action":"FILE_CLOSED","file":"/src/Apple.java","tags":{"FILE_LINE_OF_CODE":"42"}}
{"ts":1666814351182,"action":"FILE_OPENED","file":"/src/Input.java","tags":{"FILE_LINE_OF_CODE":"35"}}
{"ts":1666814352697,"action":"FILE_CLOSED","file":"/src/Input.java","tags":{"FILE_LINE_OF_CODE":"35"}}
{"ts":1666814352697,"action":"FILE_OPENED","file":"/src/Snake.java","tags":{"FILE_LINE_OF_CODE":"74"}}
{"ts":1666814356296,"action":"FILE_CLOSED","file":"/src/Snake.java","tags":{"FILE_LINE_OF_CODE":"73"}}
{"ts":1666814356296,"action":"FILE_OPENED","file":"/src/Main.java","tags":{"FILE_LINE_OF_CODE":"100"}}
{"ts":1666814362557,"action":"IDE_DEACTIVATED"}
{"ts":1666814437838,"action":"IDE_ACTIVATED"}
{"ts":1666814481358,"action":"FILE_CLOSED","file":"/src/Main.java","tags":{"FILE_LINE_OF_CODE":"100"}}
{"ts":1666814481358,"action":"FILE_OPENED","file":"/src/Apple.java","tags":{"FILE_LINE_OF_CODE":"42"}}
{"ts":1666814488486,"action":"FILE_CLOSED","file":"/src/Apple.java","tags":{"FILE_LINE_OF_CODE":"42"}}
{"ts":1666814488486,"action":"FILE_OPENED","file":"/src/Input.java","tags":{"FILE_LINE_OF_CODE":"35"}}
{"ts":1666814500115,"action":"FILE_CLOSED","file":"/src/Input.java","tags":{"FILE_LINE_OF_CODE":"35"}}
{"ts":1666814500115,"action":"FILE_OPENED","file":"/src/Snake.java","tags":{"FILE_LINE_OF_CODE":"73"}}
{"ts":1666814602845,"action":"FILE_CLOSED","file":"/src/Snake.java","tags":{"FILE_LINE_OF_CODE":"72"}}
{"ts":1666814602845,"action":"FILE_OPENED","file":"/src/Input.java","tags":{"FILE_LINE_OF_CODE":"35"}}
{"ts":1666814611088,"action":"FILE_CLOSED","file":"/src/Input.java","tags":{"FILE_LINE_OF_CODE":"35"}}
{"ts":1666814611088,"action":"FILE_OPENED","file":"/src/Main.java","tags":{"FILE_LINE_OF_CODE":"100"}}
{"ts":1666814627694,"action":"FILE_CLOSED","file":"/src/Main.java","tags":{"FILE_LINE_OF_CODE":"100"}}
{"ts":1666814627694,"action":"FILE_OPENED","file":"/src/Input.java","tags":{"FILE_LINE_OF_CODE":"35"}}
{"ts":1666814636619,"action":"FILE_CLOSED","file":"/src/Input.java","tags":{"FILE_LINE_OF_CODE":"35"}}
{"ts":1666814636619,"action":"FILE_OPENED","file":"/src/Snake.java","tags":{"FILE_LINE_OF_CODE":"72"}}
{"ts":1666814652939,"action":"FILE_CLOSED","file":"/src/Snake.java","tags":{"FILE_LINE_OF_CODE":"72"}}
{"ts":1666814652939,"action":"FILE_OPENED","file":"/src/Apple.java","tags":{"FILE_LINE_OF_CODE":"42"}}
{"ts":1666814665477,"action":"FILE_CLOSED","file":"/src/Apple.java","tags":{"FILE_LINE_OF_CODE":"42"}}
{"ts":1666814665477,"action":"FILE_OPENED","file":"/src/Main.java","tags":{"FILE_LINE_OF_CODE":"100"}}
{"ts":1666814668035,"action":"FILE_CLOSED","file":"/src/Main.java","tags":{"FILE_LINE_OF_CODE":"100"}}
{"ts":1666814668035,"action":"FILE_OPENED","file":"/src/Apple.java","tags":{"FILE_LINE_OF_CODE":"42"}}
{"ts":1666814689051,"action":"FILE_CLOSED","file":"/src/Apple.java","tags":{"FILE_LINE_OF_CODE":"42"}}
{"ts":1666814689051,"action":"FILE_OPENED","file":"/src/Main.java","tags":{"FILE_LINE_OF_CODE":"100"}}
{"ts":1666814702739,"action":"IDE_DEACTIVATED"}
{"ts":1666814703650,"action":"IDE_ACTIVATED"}
{"ts":1666814704446,"action":"FILE_CLOSED","file":"/src/Main.java","tags":{"FILE_LINE_OF_CODE":"100"}}
{"ts":1666814704446,"action":"FILE_OPENED","file":"/src/Snake.java","tags":{"FILE_LINE_OF_CODE":"72"}}
{"ts":1666814707267,"action":"FILE_CLOSED","file":"/src/Snake.java","tags":{"FILE_LINE_OF_CODE":"72"}}
{"ts":1666814707267,"action":"FILE_OPENED","file":"/src/Apple.java","tags":{"FILE_LINE_OF_CODE":"42"}}
{"ts":1666814708367,"action":"FILE_CLOSED","file":"/src/Apple.java","tags":{"FILE_LINE_OF_CODE":"42"}}
{"ts":1666814708367,"action":"FILE_OPENED","file":"/src/Main.java","tags":{"FILE_LINE_OF_CODE":"100"}}
{"ts":1666814735765,"action":"FILE_CLOSED","file":"/src/Main.java","tags":{"FILE_LINE_OF_CODE":"100"}}
{"ts":1666814735765,"action":"FILE_OPENED","file":"/src/Snake.java","tags":{"FILE_LINE_OF_CODE":"72"}}
{"ts":1666814739343,"action":"FILE_CLOSED","file":"/src/Snake.java","tags":{"FILE_LINE_OF_CODE":"72"}}
{"ts":1666814739343,"action":"FILE_OPENED","file":"/src/Main.java","tags":{"FILE_LINE_OF_CODE":"100"}}
{"ts":1666814752159,"action":"IDE_DEACTIVATED"}
{"ts":1666814798459,"action":"IDE_ACTIVATED"}
{"ts":1666814801159,"action":"IDE_DEACTIVATED"}
{"ts":1666814824853,"action":"IDE_ACTIVATED"}
{"ts":1666814845440,"action":"IDE_DEACTIVATED"}
{"ts":1666815370328,"action":"IDE_ACTIVATED"}
{"ts":1666815376481,"action":"IDE_DEACTIVATED"}
{"ts":1666815636189,"action":"IDE_ACTIVATED"}
{"ts":1666815638600,"action":"IDE_DEACTIVATED"}
{"ts":1666815639158,"action":"IDE_ACTIVATED"}
{"ts":1666815641102,"action":"IDE_DEACTIVATED"}
{"ts":1666815642165,"action":"IDE_ACTIVATED"}
{"ts":1666815643574,"action":"IDE_DEACTIVATED"}
{"ts":1666815650324,"action":"IDE_ACTIVATED"}
{"ts":1666815656159,"action":"IDE_DEACTIVATED"}
{"ts":1666818431999,"action":"IDE_ACTIVATED"}
{"ts":1666818434588,"action":"IDE_DEACTIVATED"}
